This file contains any messages produced by compilers while
running configure, to aid debugging if configure makes a mistake.

It was created by cava configure 0.10.6-17-g4875dcb, which was
generated by GNU Autoconf 2.72.  Invocation command line was

  $ configure

## --------- ##
## Platform. ##
## --------- ##

hostname = LaMamalona
uname -m = x86_64
uname -r = 6.12.57+deb13-amd64
uname -s = Linux
uname -v = #1 SMP PREEMPT_DYNAMIC Debian 6.12.57-1 (2025-11-05)

/usr/bin/uname -p = unknown
/bin/uname -X     = unknown

/bin/arch              = x86_64
/usr/bin/arch -k       = unknown
/usr/convex/getsysinfo = unknown
/usr/bin/hostinfo      = unknown
/bin/machine           = unknown
/usr/bin/oslevel       = unknown
/bin/universe          = unknown

PATH: /sbin/
PATH: /home/newyorkleck/.cargo/bin/
PATH: /home/newyorkleck/.local/bin/
PATH: /usr/local/bin/
PATH: /usr/bin/
PATH: /bin/
PATH: /usr/local/games/
PATH: /usr/games/


## ----------- ##
## Core tests. ##
## ----------- ##

configure:2502: looking for aux files: config.guess config.sub ltmain.sh compile ar-lib missing install-sh
configure:2515:  trying ./
configure:2544:   ./config.guess found
configure:2544:   ./config.sub found
configure:2544:   ./ltmain.sh found
configure:2544:   ./compile found
configure:2544:   ./ar-lib found
configure:2544:   ./missing found
configure:2526:   ./install-sh found
configure:2674: checking for a BSD-compatible install
configure:2748: result: /usr/bin/install -c
configure:2759: checking whether sleep supports fractional seconds
configure:2775: result: yes
configure:2778: checking filesystem timestamp resolution
configure:2913: result: 0.01
configure:2918: checking whether build environment is sane
configure:2959: result: yes
configure:3130: checking for a race-free mkdir -p
configure:3173: result: /usr/bin/mkdir -p
configure:3180: checking for gawk
configure:3201: found /usr/bin/gawk
configure:3213: result: gawk
configure:3224: checking whether make sets $(MAKE)
configure:3248: result: yes
configure:3274: checking whether make supports nested variables
configure:3293: result: yes
configure:3307: checking xargs -n works
configure:3323: result: yes
configure:3434: checking whether make supports the include directive
configure:3449: make -f confmf.GNU && cat confinc.out
this is the am__doit target
configure:3452: $? = 0
configure:3471: result: yes (GNU style)
configure:3548: checking for gcc
configure:3569: found /usr/bin/gcc
configure:3581: result: gcc
configure:3940: checking for C compiler version
configure:3949: gcc --version >&5
gcc (Debian 14.2.0-19) 14.2.0
Copyright (C) 2024 Free Software Foundation, Inc.
This is free software; see the source for copying conditions.  There is NO
warranty; not even for MERCHANTABILITY or FITNESS FOR A PARTICULAR PURPOSE.

configure:3960: $? = 0
configure:3949: gcc -v >&5
Using built-in specs.
COLLECT_GCC=gcc
COLLECT_LTO_WRAPPER=/usr/libexec/gcc/x86_64-linux-gnu/14/lto-wrapper
OFFLOAD_TARGET_NAMES=nvptx-none:amdgcn-amdhsa
OFFLOAD_TARGET_DEFAULT=1
Target: x86_64-linux-gnu
Configured with: ../src/configure -v --with-pkgversion='Debian 14.2.0-19' --with-bugurl=file:///usr/share/doc/gcc-14/README.Bugs --enable-languages=c,ada,c++,go,d,fortran,objc,obj-c++,m2,rust --prefix=/usr --with-gcc-major-version-only --program-suffix=-14 --program-prefix=x86_64-linux-gnu- --enable-shared --enable-linker-build-id --libexecdir=/usr/libexec --without-included-gettext --enable-threads=posix --libdir=/usr/lib --enable-nls --enable-bootstrap --enable-clocale=gnu --enable-libstdcxx-debug --enable-libstdcxx-time=yes --with-default-libstdcxx-abi=new --enable-libstdcxx-backtrace --enable-gnu-unique-object --disable-vtable-verify --enable-plugin --enable-default-pie --with-system-zlib --enable-libphobos-checking=release --with-target-system-zlib=auto --enable-objc-gc=auto --enable-multiarch --disable-werror --enable-cet --with-arch-32=i686 --with-abi=m64 --with-multilib-list=m32,m64,mx32 --enable-multilib --with-tune=generic --enable-offload-targets=nvptx-none=/build/reproducible-path/gcc-14-14.2.0/debian/tmp-nvptx/usr,amdgcn-amdhsa=/build/reproducible-path/gcc-14-14.2.0/debian/tmp-gcn/usr --enable-offload-defaulted --without-cuda-driver --enable-checking=release --build=x86_64-linux-gnu --host=x86_64-linux-gnu --target=x86_64-linux-gnu --with-build-config=bootstrap-lto-lean --enable-link-serialization=3
Thread model: posix
Supported LTO compression algorithms: zlib zstd
gcc version 14.2.0 (Debian 14.2.0-19) 
... rest of stderr output deleted ...
configure:3960: $? = 0
configure:3949: gcc -V >&5
gcc: error: unrecognized command-line option '-V'
gcc: fatal error: no input files
compilation terminated.
configure:3960: $? = 1
configure:3949: gcc -qversion >&5
gcc: error: unrecognized command-line option '-qversion'; did you mean '--version'?
gcc: fatal error: no input files
compilation terminated.
configure:3960: $? = 1
configure:3949: gcc -version >&5
gcc: error: unrecognized command-line option '-version'
gcc: fatal error: no input files
compilation terminated.
configure:3960: $? = 1
configure:3980: checking whether the C compiler works
configure:4002: gcc    conftest.c  >&5
configure:4006: $? = 0
configure:4057: result: yes
configure:4061: checking for C compiler default output file name
configure:4063: result: a.out
configure:4069: checking for suffix of executables
configure:4076: gcc -o conftest    conftest.c  >&5
configure:4080: $? = 0
configure:4104: result: 
configure:4128: checking whether we are cross compiling
configure:4136: gcc -o conftest    conftest.c  >&5
configure:4140: $? = 0
configure:4147: ./conftest
configure:4151: $? = 0
configure:4166: result: no
configure:4172: checking for suffix of object files
configure:4195: gcc -c   conftest.c >&5
configure:4199: $? = 0
configure:4223: result: o
configure:4227: checking whether the compiler supports GNU C
configure:4247: gcc -c   conftest.c >&5
configure:4247: $? = 0
configure:4259: result: yes
configure:4270: checking whether gcc accepts -g
configure:4291: gcc -c -g  conftest.c >&5
configure:4291: $? = 0
configure:4338: result: yes
configure:4358: checking for gcc option to enable C11 features
configure:4373: gcc  -c -g -O2  conftest.c >&5
configure:4373: $? = 0
configure:4392: result: none needed
configure:4516: checking whether gcc understands -c and -o together
configure:4539: gcc -c conftest.c -o conftest2.o
configure:4542: $? = 0
configure:4539: gcc -c conftest.c -o conftest2.o
configure:4542: $? = 0
configure:4555: result: yes
configure:4574: checking dependency style of gcc
configure:4687: result: gcc3
configure:4759: checking for ar
configure:4780: found /usr/bin/ar
configure:4792: result: ar
configure:4819: checking the archiver (ar) interface
configure:4836: gcc -c -g -O2  conftest.c >&5
configure:4836: $? = 0
configure:4839: ar cr libconftest.a conftest.o >&5
configure:4842: $? = 0
configure:4871: result: ar
configure:4923: checking build system type
configure:4939: result: x86_64-pc-linux-gnu
configure:4959: checking host system type
configure:4974: result: x86_64-pc-linux-gnu
configure:5015: checking how to print strings
configure:5042: result: printf
configure:5063: checking for a sed that does not truncate output
configure:5135: result: /usr/bin/sed
configure:5153: checking for grep that handles long lines and -e
configure:5219: result: /usr/bin/grep
configure:5224: checking for egrep
configure:5294: result: /usr/bin/grep -E
configure:5301: checking for fgrep
configure:5371: result: /usr/bin/grep -F
configure:5408: checking for ld used by gcc
configure:5477: result: /usr/bin/ld
configure:5484: checking if the linker (/usr/bin/ld) is GNU ld
configure:5501: result: yes
configure:5513: checking for BSD- or MS-compatible name lister (nm)
configure:5569: result: /usr/bin/nm -B
configure:5711: checking the name lister (/usr/bin/nm -B) interface
configure:5719: gcc -c -g -O2  conftest.c >&5
configure:5722: /usr/bin/nm -B "conftest.o"
configure:5725: output
0000000000000000 B some_variable
configure:5733: result: BSD nm
configure:5736: checking whether ln -s works
configure:5740: result: yes
configure:5748: checking the maximum length of command line arguments
configure:5881: result: 3145728
configure:5929: checking how to convert x86_64-pc-linux-gnu file names to x86_64-pc-linux-gnu format
configure:5971: result: func_convert_file_noop
configure:5978: checking how to convert x86_64-pc-linux-gnu file names to toolchain format
configure:6000: result: func_convert_file_noop
configure:6007: checking for /usr/bin/ld option to reload object files
configure:6016: result: -r
configure:6049: checking for file
configure:6070: found /usr/bin/file
configure:6083: result: file
configure:6146: checking for objdump
configure:6167: found /usr/bin/objdump
configure:6179: result: objdump
configure:6211: checking how to recognize dependent libraries
configure:6420: result: pass_all
configure:6511: checking for dlltool
configure:6547: result: no
configure:6577: checking how to associate runtime and link libraries
configure:6606: result: printf %s\n
configure:6666: checking for ranlib
configure:6687: found /usr/bin/ranlib
configure:6699: result: ranlib
configure:6862: checking for archiver @FILE support
configure:6880: gcc -c -g -O2  conftest.c >&5
configure:6880: $? = 0
configure:6884: ar cr libconftest.a @conftest.lst >&5
configure:6887: $? = 0
configure:6892: ar cr libconftest.a @conftest.lst >&5
ar: conftest.o: No such file or directory
configure:6895: $? = 1
configure:6908: result: @
configure:6972: checking for strip
configure:6993: found /usr/bin/strip
configure:7005: result: strip
configure:7108: checking command to parse /usr/bin/nm -B output from gcc object
configure:7262: gcc -c -g -O2  conftest.c >&5
configure:7265: $? = 0
configure:7269: /usr/bin/nm -B conftest.o | /usr/bin/sed -n -e 's/^.*[	 ]\([ABCDGIRSTW][ABCDGIRSTW]*\)[	 ][	 ]*\([_A-Za-z][_A-Za-z0-9]*\)$/\1 \2 \2/p' | /usr/bin/sed '/ __gnu_lto/d' > conftest.nm
configure:7335: gcc -o conftest -g -O2   conftest.c conftstm.o >&5
configure:7338: $? = 0
configure:7377: result: ok
configure:7424: checking for sysroot
configure:7458: result: no
configure:7465: checking for a working dd
configure:7510: result: /usr/bin/dd
configure:7514: checking how to truncate binary pipes
configure:7531: result: /usr/bin/dd bs=4096 count=1
configure:7668: gcc -c -g -O2  conftest.c >&5
configure:7671: $? = 0
configure:7871: checking for mt
configure:7892: found /usr/bin/mt
configure:7904: result: mt
configure:7927: checking if mt is a manifest tool
configure:7934: mt '-?'
configure:7943: result: no
configure:8740: checking for stdio.h
configure:8740: gcc -c -g -O2  conftest.c >&5
configure:8740: $? = 0
configure:8740: result: yes
configure:8740: checking for stdlib.h
configure:8740: gcc -c -g -O2  conftest.c >&5
configure:8740: $? = 0
configure:8740: result: yes
configure:8740: checking for string.h
configure:8740: gcc -c -g -O2  conftest.c >&5
configure:8740: $? = 0
configure:8740: result: yes
configure:8740: checking for inttypes.h
configure:8740: gcc -c -g -O2  conftest.c >&5
configure:8740: $? = 0
configure:8740: result: yes
configure:8740: checking for stdint.h
configure:8740: gcc -c -g -O2  conftest.c >&5
configure:8740: $? = 0
configure:8740: result: yes
configure:8740: checking for strings.h
configure:8740: gcc -c -g -O2  conftest.c >&5
configure:8740: $? = 0
configure:8740: result: yes
configure:8740: checking for sys/stat.h
configure:8740: gcc -c -g -O2  conftest.c >&5
configure:8740: $? = 0
configure:8740: result: yes
configure:8740: checking for sys/types.h
configure:8740: gcc -c -g -O2  conftest.c >&5
configure:8740: $? = 0
configure:8740: result: yes
configure:8740: checking for unistd.h
configure:8740: gcc -c -g -O2  conftest.c >&5
configure:8740: $? = 0
configure:8740: result: yes
configure:8765: checking for dlfcn.h
configure:8765: gcc -c -g -O2  conftest.c >&5
configure:8765: $? = 0
configure:8765: result: yes
configure:9068: checking for objdir
configure:9085: result: .libs
configure:9347: checking if gcc supports -fno-rtti -fno-exceptions
configure:9366: gcc -c -g -O2  -fno-rtti -fno-exceptions conftest.c >&5
cc1: warning: command-line option '-fno-rtti' is valid for C++/D/ObjC++ but not for C
configure:9370: $? = 0
configure:9384: result: no
configure:9763: checking for gcc option to produce PIC
configure:9772: result: -fPIC -DPIC
configure:9780: checking if gcc PIC flag -fPIC -DPIC works
configure:9799: gcc -c -g -O2  -fPIC -DPIC -DPIC conftest.c >&5
configure:9803: $? = 0
configure:9817: result: yes
configure:9846: checking if gcc static flag -static works
configure:9876: result: yes
configure:9891: checking if gcc supports -c -o file.o
configure:9913: gcc -c -g -O2  -o out/conftest2.o conftest.c >&5
configure:9917: $? = 0
configure:9940: result: yes
configure:9948: checking if gcc supports -c -o file.o
configure:9997: result: yes
configure:10030: checking whether the gcc linker (/usr/bin/ld -m elf_x86_64) supports shared libraries
configure:11318: result: yes
configure:11355: checking whether -lc should be explicitly linked in
configure:11364: gcc -c -g -O2  conftest.c >&5
configure:11367: $? = 0
configure:11382: gcc -shared  -fPIC -DPIC conftest.o  -v -Wl,-soname -Wl,conftest -o conftest 2\>\&1 \| /usr/bin/grep  -lc  \>/dev/null 2\>\&1
configure:11385: $? = 0
configure:11400: result: no
configure:11560: checking dynamic linker characteristics
configure:12179: gcc -o conftest -g -O2   -Wl,-rpath -Wl,/foo conftest.c  >&5
configure:12179: $? = 0
configure:12962: result: GNU/Linux ld.so
configure:13084: checking how to hardcode library paths into programs
configure:13109: result: immediate
configure:13709: checking whether stripping libraries is possible
configure:13718: result: yes
configure:13760: checking if libtool supports shared libraries
configure:13762: result: yes
configure:13765: checking whether to build shared libraries
configure:13790: result: yes
configure:13793: checking whether to build static libraries
configure:13797: result: yes
configure:13888: checking for gcc
configure:13921: result: gcc
configure:14280: checking for C compiler version
configure:14289: gcc --version >&5
gcc (Debian 14.2.0-19) 14.2.0
Copyright (C) 2024 Free Software Foundation, Inc.
This is free software; see the source for copying conditions.  There is NO
warranty; not even for MERCHANTABILITY or FITNESS FOR A PARTICULAR PURPOSE.

configure:14300: $? = 0
configure:14289: gcc -v >&5
Using built-in specs.
COLLECT_GCC=gcc
COLLECT_LTO_WRAPPER=/usr/libexec/gcc/x86_64-linux-gnu/14/lto-wrapper
OFFLOAD_TARGET_NAMES=nvptx-none:amdgcn-amdhsa
OFFLOAD_TARGET_DEFAULT=1
Target: x86_64-linux-gnu
Configured with: ../src/configure -v --with-pkgversion='Debian 14.2.0-19' --with-bugurl=file:///usr/share/doc/gcc-14/README.Bugs --enable-languages=c,ada,c++,go,d,fortran,objc,obj-c++,m2,rust --prefix=/usr --with-gcc-major-version-only --program-suffix=-14 --program-prefix=x86_64-linux-gnu- --enable-shared --enable-linker-build-id --libexecdir=/usr/libexec --without-included-gettext --enable-threads=posix --libdir=/usr/lib --enable-nls --enable-bootstrap --enable-clocale=gnu --enable-libstdcxx-debug --enable-libstdcxx-time=yes --with-default-libstdcxx-abi=new --enable-libstdcxx-backtrace --enable-gnu-unique-object --disable-vtable-verify --enable-plugin --enable-default-pie --with-system-zlib --enable-libphobos-checking=release --with-target-system-zlib=auto --enable-objc-gc=auto --enable-multiarch --disable-werror --enable-cet --with-arch-32=i686 --with-abi=m64 --with-multilib-list=m32,m64,mx32 --enable-multilib --with-tune=generic --enable-offload-targets=nvptx-none=/build/reproducible-path/gcc-14-14.2.0/debian/tmp-nvptx/usr,amdgcn-amdhsa=/build/reproducible-path/gcc-14-14.2.0/debian/tmp-gcn/usr --enable-offload-defaulted --without-cuda-driver --enable-checking=release --build=x86_64-linux-gnu --host=x86_64-linux-gnu --target=x86_64-linux-gnu --with-build-config=bootstrap-lto-lean --enable-link-serialization=3
Thread model: posix
Supported LTO compression algorithms: zlib zstd
gcc version 14.2.0 (Debian 14.2.0-19) 
... rest of stderr output deleted ...
configure:14300: $? = 0
configure:14289: gcc -V >&5
gcc: error: unrecognized command-line option '-V'
gcc: fatal error: no input files
compilation terminated.
configure:14300: $? = 1
configure:14289: gcc -qversion >&5
gcc: error: unrecognized command-line option '-qversion'; did you mean '--version'?
gcc: fatal error: no input files
compilation terminated.
configure:14300: $? = 1
configure:14289: gcc -version >&5
gcc: error: unrecognized command-line option '-version'
gcc: fatal error: no input files
compilation terminated.
configure:14300: $? = 1
configure:14304: checking whether the compiler supports GNU C
configure:14336: result: yes
configure:14347: checking whether gcc accepts -g
configure:14415: result: yes
configure:14435: checking for gcc option to enable C11 features
configure:14469: result: none needed
configure:14593: checking whether gcc understands -c and -o together
configure:14632: result: yes
configure:14651: checking dependency style of gcc
configure:14764: result: gcc3
configure:14791: Checking OS
configure:14796: Linux detected
configure:14906: checking for pthread.h
configure:14906: gcc -c -g -O2  -DNDEBUG conftest.c >&5
configure:14906: $? = 0
configure:14906: result: yes
configure:14910: checking for pthread_create in -lpthread
configure:14939: gcc -o conftest -g -O2  -DNDEBUG  conftest.c -lpthread   >&5
configure:14939: $? = 0
configure:14951: result: yes
configure:14971: checking for alloca.h
configure:14971: gcc -c -g -O2  -DNDEBUG conftest.c >&5
configure:14971: $? = 0
configure:14971: result: yes
configure:14988: checking for snd_pcm_open in -lasound
configure:15017: gcc -o conftest -g -O2  -DNDEBUG -DHAVE_ALLOCA_H  conftest.c -lasound   -lpthread >&5
configure:15017: $? = 0
configure:15029: result: yes
configure:15129: checking for pkg-config
configure:15152: found /usr/bin/pkg-config
configure:15165: result: /usr/bin/pkg-config
configure:15190: checking pkg-config is at least version 0.9.0
configure:15193: result: yes
configure:15206: checking for libpipewire-0.3
configure:15213: $PKG_CONFIG --exists --print-errors "libpipewire-0.3"
configure:15216: $? = 0
configure:15230: $PKG_CONFIG --exists --print-errors "libpipewire-0.3"
configure:15233: $? = 0
configure:15271: result: yes
configure:15310: checking for pa_simple_new in -lpulse-simple
configure:15339: gcc -o conftest -g -O2  -DNDEBUG -DHAVE_ALLOCA_H -DALSA -DPIPEWIRE -I/usr/include/pipewire-0.3 -I/usr/include/spa-0.2 -D_REENTRANT   conftest.c -lpulse-simple   -lpthread -lasound -lpipewire-0.3  >&5
configure:15339: $? = 0
configure:15351: result: yes
configure:15395: checking for Pa_Initialize in -lportaudio
configure:15424: gcc -o conftest -g -O2  -DNDEBUG -DHAVE_ALLOCA_H -DALSA -DPIPEWIRE -I/usr/include/pipewire-0.3 -I/usr/include/spa-0.2 -D_REENTRANT  -DPULSE  conftest.c -lportaudio   -lpthread -lasound -lpipewire-0.3  -lpulse-simple -lpulse >&5
configure:15424: $? = 0
configure:15436: result: yes
configure:15480: checking for sio_open in -lsndio
configure:15509: gcc -o conftest -g -O2  -DNDEBUG -DHAVE_ALLOCA_H -DALSA -DPIPEWIRE -I/usr/include/pipewire-0.3 -I/usr/include/spa-0.2 -D_REENTRANT  -DPULSE -DPORTAUDIO  conftest.c -lsndio   -lpthread -lasound -lpipewire-0.3  -lpulse-simple -lpulse -lportaudio >&5
configure:15509: $? = 0
configure:15521: result: yes
configure:15617: checking for jack
configure:15624: $PKG_CONFIG --exists --print-errors "jack"
configure:15627: $? = 0
configure:15641: $PKG_CONFIG --exists --print-errors "jack"
configure:15644: $? = 0
configure:15682: result: yes
configure:15710: checking for sqrt in -lm
configure:15739: gcc -o conftest -g -O2  -DNDEBUG -DHAVE_ALLOCA_H -DALSA -DPIPEWIRE -I/usr/include/pipewire-0.3 -I/usr/include/spa-0.2 -D_REENTRANT  -DPULSE -DPORTAUDIO -DSNDIO -DJACK   conftest.c -lm   -lpthread -lasound -lpipewire-0.3  -lpulse-simple -lpulse -lportaudio -lsndio -ljack  >&5
conftest.c:34:6: warning: conflicting types for built-in function 'sqrt'; expected 'double(double)' [-Wbuiltin-declaration-mismatch]
   34 | char sqrt (void);
      |      ^~~~
conftest.c:1:1: note: 'sqrt' is declared in header '<math.h>'
    1 | /* confdefs.h */
configure:15739: $? = 0
configure:15751: result: yes
configure:15770: checking for fftw_execute in -lfftw3
configure:15799: gcc -o conftest -g -O2  -DNDEBUG -DHAVE_ALLOCA_H -DALSA -DPIPEWIRE -I/usr/include/pipewire-0.3 -I/usr/include/spa-0.2 -D_REENTRANT  -DPULSE -DPORTAUDIO -DSNDIO -DJACK   conftest.c -lfftw3   -lpthread -lasound -lpipewire-0.3  -lpulse-simple -lpulse -lportaudio -lsndio -ljack  -lm >&5
configure:15799: $? = 0
configure:15811: result: yes
configure:15875: checking for SDL_Init in -lSDL2
configure:15904: gcc -o conftest -g -O2  -DNDEBUG -DHAVE_ALLOCA_H -DALSA -DPIPEWIRE -I/usr/include/pipewire-0.3 -I/usr/include/spa-0.2 -D_REENTRANT  -DPULSE -DPORTAUDIO -DSNDIO -DJACK   conftest.c -lSDL2   -lpthread -lasound -lpipewire-0.3  -lpulse-simple -lpulse -lportaudio -lsndio -ljack  -lm -lfftw3 >&5
configure:15904: $? = 0
configure:15916: result: yes
configure:16148: checking for pkg-config
configure:16184: result: /usr/bin/pkg-config
configure:16209: checking pkg-config is at least version 0.9.0
configure:16212: result: yes
configure:16222: checking for gl
configure:16229: $PKG_CONFIG --exists --print-errors "gl"
configure:16232: $? = 0
configure:16246: $PKG_CONFIG --exists --print-errors "gl"
configure:16249: $? = 0
configure:16525: result: yes
configure:16549: checking for GL/gl.h
configure:16549: gcc -c  -g -O2  -DNDEBUG -DHAVE_ALLOCA_H -DALSA -DPIPEWIRE -I/usr/include/pipewire-0.3 -I/usr/include/spa-0.2 -D_REENTRANT  -DPULSE -DPORTAUDIO -DSNDIO -DJACK  -DSDL conftest.c >&5
configure:16549: $? = 0
configure:16549: result: yes
configure:16577: checking for compiling a minimal OpenGL program
configure:16620: gcc -c  -g -O2  -DNDEBUG -DHAVE_ALLOCA_H -DALSA -DPIPEWIRE -I/usr/include/pipewire-0.3 -I/usr/include/spa-0.2 -D_REENTRANT  -DPULSE -DPORTAUDIO -DSNDIO -DJACK  -DSDL conftest.c >&5
configure:16620: $? = 0
configure:16647: result: yes
configure:16657: checking for linking a minimal OpenGL program
configure:16710: gcc -o conftest  -g -O2  -DNDEBUG -DHAVE_ALLOCA_H -DALSA -DPIPEWIRE -I/usr/include/pipewire-0.3 -I/usr/include/spa-0.2 -D_REENTRANT  -DPULSE -DPORTAUDIO -DSNDIO -DJACK  -DSDL   conftest.c -lGL   -lpthread -lasound -lpipewire-0.3  -lpulse-simple -lpulse -lportaudio -lsndio -ljack  -lm -lfftw3 -lSDL2 >&5
configure:16710: $? = 0
configure:16746: result: yes
configure:16829: checking for ncursesw6-config
configure:16852: found /usr/bin/ncursesw6-config
configure:16865: result: /usr/bin/ncursesw6-config
configure:16877: checking for initscr in -lncursesw
configure:16906: gcc -o conftest -g -O2  -DNDEBUG -DHAVE_ALLOCA_H -DALSA -DPIPEWIRE -I/usr/include/pipewire-0.3 -I/usr/include/spa-0.2 -D_REENTRANT  -DPULSE -DPORTAUDIO -DSNDIO -DJACK  -DSDL -DSDL_GLSL   conftest.c -lncursesw   -lpthread -lasound -lpipewire-0.3  -lpulse-simple -lpulse -lportaudio -lsndio -ljack  -lm -lfftw3 -lSDL2 -lGL  >&5
configure:16906: $? = 0
configure:16918: result: yes
configure:16928: checking for initscr in -lncursesw
configure:16970: result: yes
configure:16985: checking for curses.h
configure:16985: gcc -c -g -O2  -DNDEBUG -DHAVE_ALLOCA_H -DALSA -DPIPEWIRE -I/usr/include/pipewire-0.3 -I/usr/include/spa-0.2 -D_REENTRANT  -DPULSE -DPORTAUDIO -DSNDIO -DJACK  -DSDL -DSDL_GLSL  -D_DEFAULT_SOURCE -D_XOPEN_SOURCE=600 -DNCURSES conftest.c >&5
configure:16985: $? = 0
configure:16985: result: yes
configure:17164: checking for libiniparser
configure:17171: $PKG_CONFIG --exists --print-errors "libiniparser"
Package libiniparser was not found in the pkg-config search path.
Perhaps you should add the directory containing `libiniparser.pc'
to the PKG_CONFIG_PATH environment variable
Package 'libiniparser', required by 'virtual:world', not found
configure:17174: $? = 1
configure:17188: $PKG_CONFIG --exists --print-errors "libiniparser"
Package libiniparser was not found in the pkg-config search path.
Perhaps you should add the directory containing `libiniparser.pc'
to the PKG_CONFIG_PATH environment variable
Package 'libiniparser', required by 'virtual:world', not found
configure:17191: $? = 1
configure:17205: result: no
Package 'libiniparser', required by 'virtual:world', not found
configure:17239: checking for iniparser_load in -liniparser
configure:17268: gcc -o conftest -g -O2  -DNDEBUG -DHAVE_ALLOCA_H -DALSA -DPIPEWIRE -I/usr/include/pipewire-0.3 -I/usr/include/spa-0.2 -D_REENTRANT  -DPULSE -DPORTAUDIO -DSNDIO -DJACK  -DSDL -DSDL_GLSL  -D_DEFAULT_SOURCE -D_XOPEN_SOURCE=600 -DNCURSES -DCAVAFONT  conftest.c -liniparser   -lpthread -lasound -lpipewire-0.3  -lpulse-simple -lpulse -lportaudio -lsndio -ljack  -lm -lfftw3 -lSDL2 -lGL  -lncursesw -ltinfo >&5
configure:17268: $? = 0
configure:17280: result: yes
configure:17311: gcc -o conftest -g -O2  -DNDEBUG -DHAVE_ALLOCA_H -DALSA -DPIPEWIRE -I/usr/include/pipewire-0.3 -I/usr/include/spa-0.2 -D_REENTRANT  -DPULSE -DPORTAUDIO -DSNDIO -DJACK  -DSDL -DSDL_GLSL  -D_DEFAULT_SOURCE -D_XOPEN_SOURCE=600 -DNCURSES -DCAVAFONT -I/usr/include/iniparser  conftest.c  -lpthread -lasound -lpipewire-0.3  -lpulse-simple -lpulse -lportaudio -lsndio -ljack  -lm -lfftw3 -lSDL2 -lGL  -lncursesw -ltinfo -liniparser >&5
configure:17311: $? = 0
configure:17313: result: iniparser > 3.2 test OK
configure:17495: checking that generated files are newer than configure
configure:17501: result: done
configure:17596: creating ./config.status

## ---------------------- ##
## Running config.status. ##
## ---------------------- ##

This file was extended by cava config.status 0.10.6-17-g4875dcb, which was
generated by GNU Autoconf 2.72.  Invocation command line was

  CONFIG_FILES    = 
  CONFIG_HEADERS  = 
  CONFIG_LINKS    = 
  CONFIG_COMMANDS = 
  $ ./config.status 

on LaMamalona

config.status:1055: creating Makefile
config.status:1227: executing depfiles commands
config.status:1304: cd .       && sed -e '/# am--include-marker/d' Makefile         | make -f - am--depfiles
config.status:1309: $? = 0
config.status:1227: executing libtool commands

## ---------------- ##
## Cache variables. ##
## ---------------- ##

ac_cv_build=x86_64-pc-linux-gnu
ac_cv_c_compiler_gnu=yes
ac_cv_env_CC_set=
ac_cv_env_CC_value=
ac_cv_env_CFLAGS_set=
ac_cv_env_CFLAGS_value=
ac_cv_env_CPPFLAGS_set=
ac_cv_env_CPPFLAGS_value=
ac_cv_env_FONT_DIR_set=
ac_cv_env_FONT_DIR_value=
ac_cv_env_GL_CFLAGS_set=
ac_cv_env_GL_CFLAGS_value=
ac_cv_env_GL_LIBS_set=
ac_cv_env_GL_LIBS_value=
ac_cv_env_INIPARSER_CFLAGS_set=
ac_cv_env_INIPARSER_CFLAGS_value=
ac_cv_env_INIPARSER_LIBS_set=
ac_cv_env_INIPARSER_LIBS_value=
ac_cv_env_JACK_CFLAGS_set=
ac_cv_env_JACK_CFLAGS_value=
ac_cv_env_JACK_LIBS_set=
ac_cv_env_JACK_LIBS_value=
ac_cv_env_LDFLAGS_set=
ac_cv_env_LDFLAGS_value=
ac_cv_env_LIBS_set=
ac_cv_env_LIBS_value=
ac_cv_env_LT_SYS_LIBRARY_PATH_set=
ac_cv_env_LT_SYS_LIBRARY_PATH_value=
ac_cv_env_PIPEWIRE_CFLAGS_set=
ac_cv_env_PIPEWIRE_CFLAGS_value=
ac_cv_env_PIPEWIRE_LIBS_set=
ac_cv_env_PIPEWIRE_LIBS_value=
ac_cv_env_PKG_CONFIG_LIBDIR_set=
ac_cv_env_PKG_CONFIG_LIBDIR_value=
ac_cv_env_PKG_CONFIG_PATH_set=set
ac_cv_env_PKG_CONFIG_PATH_value=/usr/lib/x86_64-linux-gnu/pkgconfig:/usr/share/pkgconfig:/usr/local/lib/pkgconfig
ac_cv_env_PKG_CONFIG_set=
ac_cv_env_PKG_CONFIG_value=
ac_cv_env_build_alias_set=
ac_cv_env_build_alias_value=
ac_cv_env_host_alias_set=
ac_cv_env_host_alias_value=
ac_cv_env_target_alias_set=
ac_cv_env_target_alias_value=
ac_cv_header_GL_gl_h=yes
ac_cv_header_alloca_h=yes
ac_cv_header_curses_h=yes
ac_cv_header_dlfcn_h=yes
ac_cv_header_inttypes_h=yes
ac_cv_header_pthread_h=yes
ac_cv_header_stdint_h=yes
ac_cv_header_stdio_h=yes
ac_cv_header_stdlib_h=yes
ac_cv_header_string_h=yes
ac_cv_header_strings_h=yes
ac_cv_header_sys_stat_h=yes
ac_cv_header_sys_types_h=yes
ac_cv_header_unistd_h=yes
ac_cv_host=x86_64-pc-linux-gnu
ac_cv_lib_SDL2_SDL_Init=yes
ac_cv_lib_asound_snd_pcm_open=yes
ac_cv_lib_fftw3_fftw_execute=yes
ac_cv_lib_iniparser_iniparser_load=yes
ac_cv_lib_m_sqrt=yes
ac_cv_lib_ncursesw_initscr=yes
ac_cv_lib_portaudio_Pa_Initialize=yes
ac_cv_lib_pthread_pthread_create=yes
ac_cv_lib_pulse_simple_pa_simple_new=yes
ac_cv_lib_sndio_sio_open=yes
ac_cv_objext=o
ac_cv_path_CURSES_CONFIG=/usr/bin/ncursesw6-config
ac_cv_path_EGREP='/usr/bin/grep -E'
ac_cv_path_EGREP_TRADITIONAL='/usr/bin/grep -E'
ac_cv_path_FGREP='/usr/bin/grep -F'
ac_cv_path_GREP=/usr/bin/grep
ac_cv_path_SED=/usr/bin/sed
ac_cv_path_ac_pt_PKG_CONFIG=/usr/bin/pkg-config
ac_cv_path_install='/usr/bin/install -c'
ac_cv_path_lt_DD=/usr/bin/dd
ac_cv_path_mkdir=/usr/bin/mkdir
ac_cv_prog_AWK=gawk
ac_cv_prog_FILECMD=file
ac_cv_prog_ac_ct_AR=ar
ac_cv_prog_ac_ct_CC=gcc
ac_cv_prog_ac_ct_MANIFEST_TOOL=mt
ac_cv_prog_ac_ct_OBJDUMP=objdump
ac_cv_prog_ac_ct_RANLIB=ranlib
ac_cv_prog_ac_ct_STRIP=strip
ac_cv_prog_cc_c11=
ac_cv_prog_cc_g=yes
ac_cv_prog_cc_stdc=
ac_cv_prog_make_make_set=yes
am_cv_CC_dependencies_compiler_type=gcc3
am_cv_ar_interface=ar
am_cv_filesystem_timestamp_resolution=0.01
am_cv_make_support_nested_variables=yes
am_cv_prog_cc_c_o=yes
am_cv_sleep_fractional_seconds=yes
am_cv_xargs_n_works=yes
ax_cv_check_gl_compile_opengl=yes
ax_cv_check_gl_link_opengl=yes
lt_cv_ar_at_file=@
lt_cv_archive_cmds_need_lc=no
lt_cv_deplibs_check_method=pass_all
lt_cv_file_magic_cmd='$MAGIC_CMD'
lt_cv_file_magic_test_file=
lt_cv_ld_reload_flag=-r
lt_cv_nm_interface='BSD nm'
lt_cv_objdir=.libs
lt_cv_path_LD=/usr/bin/ld
lt_cv_path_NM='/usr/bin/nm -B'
lt_cv_path_manifest_tool=no
lt_cv_prog_compiler_c_o=yes
lt_cv_prog_compiler_pic='-fPIC -DPIC'
lt_cv_prog_compiler_pic_works=yes
lt_cv_prog_compiler_rtti_exceptions=no
lt_cv_prog_compiler_static_works=yes
lt_cv_prog_gnu_ld=yes
lt_cv_sharedlib_from_linklib_cmd='printf %s\n'
lt_cv_shlibpath_overrides_runpath=yes
lt_cv_sys_global_symbol_pipe='/usr/bin/sed -n -e '\''s/^.*[	 ]\([ABCDGIRSTW][ABCDGIRSTW]*\)[	 ][	 ]*\([_A-Za-z][_A-Za-z0-9]*\)$/\1 \2 \2/p'\'' | /usr/bin/sed '\''/ __gnu_lto/d'\'''
lt_cv_sys_global_symbol_to_c_name_address='/usr/bin/sed -n -e '\''s/^: \(.*\) .*$/  {"\1", (void *) 0},/p'\'' -e '\''s/^[ABCDGIRSTW][ABCDGIRSTW]* .* \(.*\)$/  {"\1", (void *) \&\1},/p'\'''
lt_cv_sys_global_symbol_to_c_name_address_lib_prefix='/usr/bin/sed -n -e '\''s/^: \(.*\) .*$/  {"\1", (void *) 0},/p'\'' -e '\''s/^[ABCDGIRSTW][ABCDGIRSTW]* .* \(lib.*\)$/  {"\1", (void *) \&\1},/p'\'' -e '\''s/^[ABCDGIRSTW][ABCDGIRSTW]* .* \(.*\)$/  {"lib\1", (void *) \&\1},/p'\'''
lt_cv_sys_global_symbol_to_cdecl='/usr/bin/sed -n -e '\''s/^T .* \(.*\)$/extern int \1();/p'\'' -e '\''s/^[ABCDGIRSTW][ABCDGIRSTW]* .* \(.*\)$/extern char \1;/p'\'''
lt_cv_sys_global_symbol_to_import=
lt_cv_sys_max_cmd_len=3145728
lt_cv_to_host_file_cmd=func_convert_file_noop
lt_cv_to_tool_file_cmd=func_convert_file_noop
lt_cv_truncate_bin='/usr/bin/dd bs=4096 count=1'
pkg_cv_GL_CFLAGS=
pkg_cv_GL_LIBS='-lGL '
pkg_cv_JACK_CFLAGS=
pkg_cv_JACK_LIBS='-ljack '
pkg_cv_PIPEWIRE_CFLAGS='-I/usr/include/pipewire-0.3 -I/usr/include/spa-0.2 -D_REENTRANT '
pkg_cv_PIPEWIRE_LIBS='-lpipewire-0.3 '

## ----------------- ##
## Output variables. ##
## ----------------- ##

ACLOCAL='${SHELL} '\''/home/newyorkleck/.local/src/cava/missing'\'' aclocal-1.17'
ALSA_FALSE='#'
ALSA_TRUE=''
AMDEPBACKSLASH='\'
AMDEP_FALSE='#'
AMDEP_TRUE=''
AMTAR='$${TAR-tar}'
AM_BACKSLASH='\'
AM_DEFAULT_V='$(AM_DEFAULT_VERBOSITY)'
AM_DEFAULT_VERBOSITY='1'
AM_V='$(V)'
AR='ar'
AUTOCONF='${SHELL} '\''/home/newyorkleck/.local/src/cava/missing'\'' autoconf'
AUTOHEADER='${SHELL} '\''/home/newyorkleck/.local/src/cava/missing'\'' autoheader'
AUTOMAKE='${SHELL} '\''/home/newyorkleck/.local/src/cava/missing'\'' automake-1.17'
AWK='gawk'
CAVAFONT_FALSE='#'
CAVAFONT_TRUE=''
CC='gcc'
CCDEPMODE='depmode=gcc3'
CFLAGS='-g -O2'
CPPFLAGS=' -DNDEBUG -DHAVE_ALLOCA_H -DALSA -DPIPEWIRE -I/usr/include/pipewire-0.3 -I/usr/include/spa-0.2 -D_REENTRANT  -DPULSE -DPORTAUDIO -DSNDIO -DJACK  -DSDL -DSDL_GLSL  -D_DEFAULT_SOURCE -D_XOPEN_SOURCE=600 -DNCURSES -DCAVAFONT -I/usr/include/iniparser'
CSCOPE='cscope'
CTAGS='ctags'
CURSES_CONFIG='/usr/bin/ncursesw6-config'
CYGPATH_W='echo'
DEFS='-DPACKAGE_NAME=\"cava\" -DPACKAGE_TARNAME=\"cava\" -DPACKAGE_VERSION=\"0.10.6-17-g4875dcb\" -DPACKAGE_STRING=\"cava\ 0.10.6-17-g4875dcb\" -DPACKAGE_BUGREPORT=\"karl@stavestrand.no\" -DPACKAGE_URL=\"\" -DPACKAGE=\"cava\" -DVERSION=\"0.10.6-17-g4875dcb\" -DHAVE_STDIO_H=1 -DHAVE_STDLIB_H=1 -DHAVE_STRING_H=1 -DHAVE_INTTYPES_H=1 -DHAVE_STDINT_H=1 -DHAVE_STRINGS_H=1 -DHAVE_SYS_STAT_H=1 -DHAVE_SYS_TYPES_H=1 -DHAVE_UNISTD_H=1 -DSTDC_HEADERS=1 -DHAVE_DLFCN_H=1 -DLT_OBJDIR=\".libs/\" -DHAVE_PTHREAD_H=1 -DHAVE_GL_GL_H=1 -DHAVE_GL=1 -DHAVE_CURSES_H=1'
DEPDIR='.deps'
DLLTOOL='false'
DSYMUTIL=''
DUMPBIN=''
ECHO_C=''
ECHO_N='-n'
ECHO_T=''
EGREP='/usr/bin/grep -E'
ETAGS='etags'
EXEEXT=''
FGREP='/usr/bin/grep -F'
FILECMD='file'
FONT_DIR='${prefix}/share/consolefonts'
FONT_FILE='cava.psf'
FREEBSD_FALSE=''
FREEBSD_TRUE='#'
GL_CFLAGS=''
GL_LIBS='-lGL '
GREP='/usr/bin/grep'
INIPARSER_CFLAGS=''
INIPARSER_LIBS=''
INSTALL_DATA='${INSTALL} -m 644'
INSTALL_PROGRAM='${INSTALL}'
INSTALL_SCRIPT='${INSTALL}'
INSTALL_STRIP_PROGRAM='$(install_sh) -c -s'
JACK_CFLAGS=''
JACK_FALSE='#'
JACK_LIBS='-ljack '
JACK_TRUE=''
LD='/usr/bin/ld -m elf_x86_64'
LDFLAGS=''
LIBOBJS=''
LIBS=' -lpthread -lasound -lpipewire-0.3  -lpulse-simple -lpulse -lportaudio -lsndio -ljack  -lm -lfftw3 -lSDL2 -lGL  -lncursesw -ltinfo -liniparser'
LIBTOOL='$(SHELL) $(top_builddir)/libtool'
LINUX_FALSE='#'
LINUX_TRUE=''
LIPO=''
LN_S='ln -s'
LTLIBOBJS=''
LT_SYS_LIBRARY_PATH=''
MAKEINFO='${SHELL} '\''/home/newyorkleck/.local/src/cava/missing'\'' makeinfo'
MANIFEST_TOOL=':'
MKDIR_P='/usr/bin/mkdir -p'
NCURSES_FALSE='#'
NCURSES_TRUE=''
NM='/usr/bin/nm -B'
NMEDIT=''
OBJDUMP='objdump'
OBJEXT='o'
OSS_FALSE=''
OSS_TRUE='#'
OSX_FALSE=''
OSX_TRUE='#'
OTOOL64=''
OTOOL=''
PACKAGE='cava'
PACKAGE_BUGREPORT='karl@stavestrand.no'
PACKAGE_NAME='cava'
PACKAGE_STRING='cava 0.10.6-17-g4875dcb'
PACKAGE_TARNAME='cava'
PACKAGE_URL=''
PACKAGE_VERSION='0.10.6-17-g4875dcb'
PATH_SEPARATOR=':'
PIPEWIRE_CFLAGS='-I/usr/include/pipewire-0.3 -I/usr/include/spa-0.2 -D_REENTRANT '
PIPEWIRE_FALSE='#'
PIPEWIRE_LIBS='-lpipewire-0.3 '
PIPEWIRE_TRUE=''
PKG_CONFIG='/usr/bin/pkg-config'
PKG_CONFIG_LIBDIR=''
PKG_CONFIG_PATH='/usr/lib/x86_64-linux-gnu/pkgconfig:/usr/share/pkgconfig:/usr/local/lib/pkgconfig'
PORTAUDIO_FALSE='#'
PORTAUDIO_TRUE=''
PSF2BDF=''
PULSE_FALSE='#'
PULSE_TRUE=''
RANLIB='ranlib'
SDL_FALSE='#'
SDL_GLSL_FALSE='#'
SDL_GLSL_TRUE=''
SDL_TRUE=''
SED='/usr/bin/sed'
SET_MAKE=''
SHELL='/bin/bash'
SNDIO_FALSE='#'
SNDIO_TRUE=''
STRIP='strip'
VERSION='0.10.6-17-g4875dcb'
VTFONTCVT=''
ac_ct_AR='ar'
ac_ct_CC='gcc'
ac_ct_DUMPBIN=''
am__EXEEXT_FALSE=''
am__EXEEXT_TRUE='#'
am__fastdepCC_FALSE='#'
am__fastdepCC_TRUE=''
am__include='include'
am__isrc=''
am__leading_dot='.'
am__nodep='_no'
am__quote=''
am__rm_f_notfound=''
am__tar='$${TAR-tar} chof - "$$tardir"'
am__untar='$${TAR-tar} xf -'
am__xargs_n='xargs -n'
bindir='${exec_prefix}/bin'
build='x86_64-pc-linux-gnu'
build_alias=''
build_cpu='x86_64'
build_os='linux-gnu'
build_vendor='pc'
datadir='${datarootdir}'
datarootdir='${prefix}/share'
docdir='${datarootdir}/doc/${PACKAGE_TARNAME}'
dvidir='${docdir}'
exec_prefix='${prefix}'
host='x86_64-pc-linux-gnu'
host_alias=''
host_cpu='x86_64'
host_os='linux-gnu'
host_vendor='pc'
htmldir='${docdir}'
includedir='${prefix}/include'
infodir='${datarootdir}/info'
install_sh='${SHELL} /home/newyorkleck/.local/src/cava/install-sh'
libdir='${exec_prefix}/lib'
libexecdir='${exec_prefix}/libexec'
localedir='${datarootdir}/locale'
localstatedir='${prefix}/var'
mandir='${datarootdir}/man'
mkdir_p='$(MKDIR_P)'
oldincludedir='/usr/include'
pdfdir='${docdir}'
prefix='/usr/local'
program_transform_name='s,x,x,'
psdir='${docdir}'
runstatedir='${localstatedir}/run'
sbindir='${exec_prefix}/sbin'
sharedstatedir='${prefix}/com'
sysconfdir='${prefix}/etc'
target_alias=''

## ----------- ##
## confdefs.h. ##
## ----------- ##

/* confdefs.h */
#define PACKAGE_NAME "cava"
#define PACKAGE_TARNAME "cava"
#define PACKAGE_VERSION "0.10.6-17-g4875dcb"
#define PACKAGE_STRING "cava 0.10.6-17-g4875dcb"
#define PACKAGE_BUGREPORT "karl@stavestrand.no"
#define PACKAGE_URL ""
#define PACKAGE "cava"
#define VERSION "0.10.6-17-g4875dcb"
#define HAVE_STDIO_H 1
#define HAVE_STDLIB_H 1
#define HAVE_STRING_H 1
#define HAVE_INTTYPES_H 1
#define HAVE_STDINT_H 1
#define HAVE_STRINGS_H 1
#define HAVE_SYS_STAT_H 1
#define HAVE_SYS_TYPES_H 1
#define HAVE_UNISTD_H 1
#define STDC_HEADERS 1
#define HAVE_DLFCN_H 1
#define LT_OBJDIR ".libs/"
#define HAVE_PTHREAD_H 1
#define HAVE_GL_GL_H 1
#define HAVE_GL 1
#define HAVE_CURSES_H 1

configure: exit 0
