
2025/09/02 (23:47:19) | ===> btop++ v.1.3.2
2025/09/02 (23:47:19) | WARNING: Failed to join _runner thread on exit!

2025/09/05 (14:02:20) | ===> btop++ v.1.3.2
2025/09/05 (14:02:20) | WARNING: Failed to join _runner thread on exit!

2025/09/09 (21:03:54) | ===> btop++ v.1.3.2
2025/09/09 (21:03:54) | INFO: Logger set to INFO
2025/09/09 (21:03:57) | INFO: Logger set to DEBUG
2025/09/09 (21:14:18) | WARNING: Failed to join _runner thread on exit!

2025/09/09 (21:23:16) | ===> btop++ v.1.3.2
2025/09/09 (21:23:16) | WARNING: Failed to join _runner thread on exit!

2025/09/11 (16:29:59) | ===> btop++ v.1.3.2
2025/09/11 (16:29:59) | WARNING: Failed to join _runner thread on exit!

2025/09/11 (17:30:45) | ===> btop++ v.1.3.2
2025/09/11 (17:30:45) | WARNING: Failed to join _runner thread on exit!

2025/09/11 (23:13:52) | ===> btop++ v.1.3.2
2025/09/11 (23:13:52) | WARNING: Failed to join _runner thread on exit!

2025/09/12 (09:28:19) | ===> btop++ v.1.3.2
2025/09/12 (09:28:19) | WARNING: Failed to join _runner thread on exit!

2025/09/12 (09:49:52) | ===> btop++ v.1.3.2
2025/09/12 (09:49:52) | WARNING: Failed to join _runner thread on exit!

2025/09/12 (10:07:39) | ===> btop++ v.1.3.2
2025/09/12 (10:07:39) | WARNING: Failed to join _runner thread on exit!

2025/09/12 (18:12:03) | ===> btop++ v.1.3.2
2025/09/12 (18:12:03) | WARNING: Failed to join _runner thread on exit!

2025/09/12 (22:27:27) | ===> btop++ v.1.3.2
2025/09/12 (22:27:27) | WARNING: Failed to join _runner thread on exit!

2025/09/12 (22:28:43) | ===> btop++ v.1.3.2
2025/09/12 (22:28:43) | WARNING: Failed to join _runner thread on exit!

2025/09/12 (23:21:53) | ===> btop++ v.1.3.2
2025/09/12 (23:21:53) | WARNING: Failed to join _runner thread on exit!

2025/09/13 (00:19:41) | ===> btop++ v.1.3.2
2025/09/13 (00:19:41) | WARNING: Failed to join _runner thread on exit!

2025/09/13 (00:25:19) | ===> btop++ v.1.3.2
2025/09/13 (00:25:19) | WARNING: Failed to join _runner thread on exit!

2025/09/13 (00:28:44) | ===> btop++ v.1.3.2
2025/09/13 (00:28:44) | WARNING: Failed to join _runner thread on exit!

2025/09/13 (01:17:03) | ===> btop++ v.1.3.2
2025/09/13 (01:17:03) | WARNING: Failed to join _runner thread on exit!

2025/09/13 (01:17:25) | ===> btop++ v.1.3.2
2025/09/13 (01:17:25) | WARNING: Failed to join _runner thread on exit!

2025/09/13 (12:24:40) | ===> btop++ v.1.3.2
2025/09/13 (12:24:40) | WARNING: Failed to join _runner thread on exit!

2025/09/13 (12:25:29) | ===> btop++ v.1.3.2
2025/09/13 (12:25:29) | WARNING: Failed to join _runner thread on exit!

2025/09/13 (21:05:06) | ===> btop++ v.1.3.2
2025/09/13 (21:05:06) | WARNING: Failed to join _runner thread on exit!

2025/09/18 (00:38:04) | ===> btop++ v.1.3.2
2025/09/18 (00:38:04) | WARNING: Failed to join _runner thread on exit!

2025/09/18 (00:44:47) | ===> btop++ v.1.3.2
2025/09/18 (00:44:47) | WARNING: Failed to join _runner thread on exit!

2025/09/18 (16:01:13) | ===> btop++ v.1.3.2
2025/09/18 (16:01:13) | WARNING: Failed to join _runner thread on exit!

2025/09/28 (01:34:27) | ===> btop++ v.1.3.2
2025/09/28 (01:34:27) | WARNING: Failed to join _runner thread on exit!

2025/09/28 (01:47:36) | ===> btop++ v.1.3.2
2025/09/28 (01:47:36) | WARNING: Failed to join _runner thread on exit!

2025/09/28 (11:22:46) | ===> btop++ v.1.3.2
2025/09/28 (11:22:46) | WARNING: Failed to join _runner thread on exit!

2025/09/30 (23:59:58) | ===> btop++ v.1.3.2
2025/09/30 (23:59:58) | WARNING: Failed to join _runner thread on exit!

2025/10/02 (21:55:59) | ===> btop++ v.1.3.2
2025/10/02 (21:55:59) | WARNING: Failed to join _runner thread on exit!

2025/10/03 (23:01:53) | ===> btop++ v.1.3.2
2025/10/03 (23:01:53) | WARNING: Failed to join _runner thread on exit!

2025/10/04 (01:00:15) | ===> btop++ v.1.3.2
2025/10/04 (01:00:15) | WARNING: Failed to join _runner thread on exit!

2025/10/04 (01:57:25) | ===> btop++ v.1.3.2
2025/10/04 (01:57:25) | WARNING: Failed to join _runner thread on exit!

2025/10/04 (11:33:48) | ===> btop++ v.1.3.2
2025/10/04 (11:33:48) | WARNING: Failed to join _runner thread on exit!

2025/10/04 (11:38:06) | ===> btop++ v.1.3.2
2025/10/04 (11:38:06) | WARNING: Failed to join _runner thread on exit!

2025/10/04 (14:44:31) | ===> btop++ v.1.3.2
2025/10/04 (14:44:31) | WARNING: Failed to join _runner thread on exit!

2025/10/04 (18:35:01) | ===> btop++ v.1.3.2
2025/10/04 (18:35:01) | WARNING: Failed to join _runner thread on exit!

2025/10/05 (11:30:42) | ===> btop++ v.1.3.2
2025/10/05 (11:30:42) | WARNING: Failed to join _runner thread on exit!

2025/10/05 (11:31:17) | ===> btop++ v.1.3.2
2025/10/05 (11:31:17) | WARNING: Failed to join _runner thread on exit!

2025/10/05 (11:48:45) | ===> btop++ v.1.3.2
2025/10/05 (11:48:45) | WARNING: Failed to join _runner thread on exit!

2025/10/05 (12:45:37) | ===> btop++ v.1.3.2
2025/10/05 (12:45:37) | WARNING: Failed to join _runner thread on exit!

2025/10/05 (13:10:55) | ===> btop++ v.1.3.2
2025/10/05 (13:10:55) | WARNING: Failed to join _runner thread on exit!

2025/10/05 (13:33:50) | ===> btop++ v.1.3.2
2025/10/05 (13:33:50) | WARNING: Failed to join _runner thread on exit!

2025/10/05 (22:24:37) | ===> btop++ v.1.3.2
2025/10/05 (22:24:37) | WARNING: Failed to join _runner thread on exit!

2025/10/05 (22:54:29) | ===> btop++ v.1.3.2
2025/10/05 (22:54:29) | WARNING: Failed to join _runner thread on exit!

2025/10/06 (08:35:50) | ===> btop++ v.1.3.2
2025/10/06 (08:35:50) | WARNING: Failed to join _runner thread on exit!

2025/10/06 (08:36:36) | ===> btop++ v.1.3.2
2025/10/06 (08:36:36) | WARNING: Failed to join _runner thread on exit!

2025/10/06 (11:10:34) | ===> btop++ v.1.3.2
2025/10/06 (11:10:34) | WARNING: Failed to join _runner thread on exit!

2025/10/06 (18:31:51) | ===> btop++ v.1.3.2
2025/10/06 (18:31:51) | WARNING: Failed to join _runner thread on exit!

2025/10/06 (18:34:11) | ===> btop++ v.1.3.2
2025/10/06 (18:34:11) | WARNING: Failed to join _runner thread on exit!

2025/10/06 (20:26:53) | ===> btop++ v.1.3.2
2025/10/06 (20:26:53) | WARNING: Failed to join _runner thread on exit!

2025/10/06 (22:04:57) | ===> btop++ v.1.3.2
2025/10/06 (22:04:57) | WARNING: Failed to join _runner thread on exit!

2025/10/06 (22:29:21) | ===> btop++ v.1.3.2
2025/10/06 (22:29:21) | WARNING: Failed to join _runner thread on exit!

2025/10/06 (23:55:08) | ===> btop++ v.1.3.2
2025/10/06 (23:55:08) | WARNING: Failed to join _runner thread on exit!

2025/10/07 (00:23:25) | ===> btop++ v.1.3.2
2025/10/07 (00:23:25) | WARNING: Failed to join _runner thread on exit!

2025/10/07 (13:01:43) | ===> btop++ v.1.3.2
2025/10/07 (13:01:43) | WARNING: Failed to join _runner thread on exit!

2025/10/08 (11:45:44) | ===> btop++ v.1.3.2
2025/10/08 (11:45:44) | WARNING: Failed to join _runner thread on exit!

2025/10/10 (21:28:59) | ===> btop++ v.1.3.2
2025/10/10 (21:28:59) | WARNING: Failed to join _runner thread on exit!

2025/10/10 (22:44:13) | ===> btop++ v.1.3.2
2025/10/10 (22:44:13) | WARNING: Failed to join _runner thread on exit!

2025/10/11 (10:03:04) | ===> btop++ v.1.3.2
2025/10/11 (10:03:04) | WARNING: Failed to join _runner thread on exit!

2025/10/11 (10:04:51) | ===> btop++ v.1.3.2
2025/10/11 (10:04:51) | WARNING: Failed to join _runner thread on exit!

2025/10/11 (23:40:03) | ===> btop++ v.1.3.2
2025/10/11 (23:40:03) | WARNING: Failed to join _runner thread on exit!

2025/10/12 (22:14:19) | ===> btop++ v.1.3.2
2025/10/12 (22:14:19) | WARNING: Failed to join _runner thread on exit!

2025/10/14 (01:07:00) | ===> btop++ v.1.3.2
2025/10/14 (01:07:00) | WARNING: Failed to join _runner thread on exit!

2025/10/14 (01:57:12) | ===> btop++ v.1.3.2
2025/10/14 (01:57:12) | WARNING: Failed to join _runner thread on exit!

2025/10/14 (21:11:06) | ===> btop++ v.1.3.2
2025/10/14 (21:11:06) | WARNING: Failed to join _runner thread on exit!

2025/10/15 (12:01:13) | ===> btop++ v.1.3.2
2025/10/15 (12:01:13) | WARNING: Failed to join _runner thread on exit!

2025/10/15 (12:03:52) | ===> btop++ v.1.3.2
2025/10/15 (12:03:52) | WARNING: Failed to join _runner thread on exit!

2025/10/15 (12:05:47) | ===> btop++ v.1.3.2
2025/10/15 (12:05:47) | WARNING: Failed to join _runner thread on exit!

2025/10/15 (12:45:46) | ===> btop++ v.1.3.2
2025/10/15 (12:45:46) | WARNING: Failed to join _runner thread on exit!

2025/10/18 (11:11:36) | ===> btop++ v.1.3.2
2025/10/18 (11:11:36) | WARNING: Failed to join _runner thread on exit!

2025/10/18 (11:11:55) | ===> btop++ v.1.3.2
2025/10/18 (11:11:55) | WARNING: Failed to join _runner thread on exit!

2025/10/18 (16:55:25) | ===> btop++ v.1.3.2
2025/10/18 (16:55:25) | WARNING: Failed to join _runner thread on exit!

2025/10/18 (16:55:56) | ===> btop++ v.1.3.2
2025/10/18 (16:55:56) | WARNING: Failed to join _runner thread on exit!

2025/10/18 (16:58:45) | ===> btop++ v.1.3.2
2025/10/18 (16:58:45) | WARNING: Failed to join _runner thread on exit!

2025/10/18 (16:58:49) | ===> btop++ v.1.3.2
2025/10/18 (16:58:49) | WARNING: Failed to join _runner thread on exit!

2025/10/18 (16:58:54) | ===> btop++ v.1.3.2
2025/10/18 (16:58:54) | WARNING: Failed to join _runner thread on exit!

2025/10/18 (17:14:52) | ===> btop++ v.1.3.2
2025/10/18 (17:14:52) | WARNING: Failed to join _runner thread on exit!

2025/10/18 (19:26:54) | ===> btop++ v.1.3.2
2025/10/18 (19:26:54) | WARNING: Failed to join _runner thread on exit!

2025/10/19 (14:13:51) | ===> btop++ v.1.3.2
2025/10/19 (14:13:51) | WARNING: Failed to join _runner thread on exit!

2025/10/19 (14:14:02) | ===> btop++ v.1.3.2
2025/10/19 (14:14:02) | WARNING: Failed to join _runner thread on exit!

2025/10/19 (14:14:30) | ===> btop++ v.1.3.2
2025/10/19 (14:14:30) | WARNING: Failed to join _runner thread on exit!

2025/10/19 (14:15:12) | ===> btop++ v.1.3.2
2025/10/19 (14:15:12) | WARNING: Failed to join _runner thread on exit!

2025/10/19 (14:15:32) | ===> btop++ v.1.3.2
2025/10/19 (14:15:32) | WARNING: Failed to join _runner thread on exit!

2025/10/19 (14:16:01) | ===> btop++ v.1.3.2
2025/10/19 (14:16:01) | WARNING: Failed to join _runner thread on exit!

2025/10/19 (14:16:29) | ===> btop++ v.1.3.2
2025/10/19 (14:16:29) | WARNING: Failed to join _runner thread on exit!

2025/10/19 (14:17:03) | ===> btop++ v.1.3.2
2025/10/19 (14:17:03) | WARNING: Failed to join _runner thread on exit!

2025/10/19 (14:17:49) | ===> btop++ v.1.3.2
2025/10/19 (14:17:49) | WARNING: Failed to join _runner thread on exit!

2025/10/19 (14:21:45) | ===> btop++ v.1.3.2
2025/10/19 (14:21:45) | WARNING: Failed to join _runner thread on exit!

2025/10/19 (14:21:55) | ===> btop++ v.1.3.2
2025/10/19 (14:21:55) | WARNING: Failed to join _runner thread on exit!

2025/10/19 (14:22:17) | ===> btop++ v.1.3.2
2025/10/19 (14:22:17) | WARNING: Failed to join _runner thread on exit!

2025/10/19 (14:23:25) | ===> btop++ v.1.3.2
2025/10/19 (14:23:25) | WARNING: Failed to join _runner thread on exit!

2025/10/19 (15:30:14) | ===> btop++ v.1.3.2
2025/10/19 (15:30:14) | WARNING: Failed to join _runner thread on exit!

2025/10/19 (15:40:22) | ===> btop++ v.1.3.2
2025/10/19 (15:40:22) | WARNING: Failed to join _runner thread on exit!

2025/10/19 (16:08:54) | ===> btop++ v.1.3.2
2025/10/19 (16:08:54) | WARNING: Failed to join _runner thread on exit!

2025/10/19 (17:02:01) | ===> btop++ v.1.3.2
2025/10/19 (17:02:01) | WARNING: Failed to join _runner thread on exit!

2025/10/19 (21:50:31) | ===> btop++ v.1.3.2
2025/10/19 (21:50:31) | WARNING: Failed to join _runner thread on exit!

2025/10/20 (08:41:34) | ===> btop++ v.1.3.2
2025/10/20 (08:41:34) | WARNING: Failed to join _runner thread on exit!

2025/10/20 (08:41:39) | ===> btop++ v.1.3.2
2025/10/20 (08:41:39) | WARNING: Failed to join _runner thread on exit!

2025/10/20 (21:20:05) | ===> btop++ v.1.3.2
2025/10/20 (21:20:05) | WARNING: Failed to join _runner thread on exit!

2025/10/20 (21:22:24) | ===> btop++ v.1.3.2
2025/10/20 (21:22:24) | WARNING: Failed to join _runner thread on exit!

2025/10/20 (21:28:32) | ===> btop++ v.1.3.2
2025/10/20 (21:28:32) | WARNING: Failed to join _runner thread on exit!

2025/10/20 (21:30:08) | ===> btop++ v.1.3.2
2025/10/20 (21:30:08) | WARNING: Failed to join _runner thread on exit!

2025/10/20 (21:31:37) | ===> btop++ v.1.3.2
2025/10/20 (21:31:37) | WARNING: Failed to join _runner thread on exit!

2025/10/20 (21:37:27) | ===> btop++ v.1.3.2
2025/10/20 (21:37:27) | WARNING: Failed to join _runner thread on exit!

2025/10/20 (21:37:41) | ===> btop++ v.1.3.2
2025/10/20 (21:37:41) | WARNING: Failed to join _runner thread on exit!

2025/10/20 (21:43:10) | ===> btop++ v.1.3.2
2025/10/20 (21:43:10) | WARNING: Failed to join _runner thread on exit!

2025/10/20 (21:58:17) | ===> btop++ v.1.3.2
2025/10/20 (21:58:17) | WARNING: Failed to join _runner thread on exit!

2025/10/20 (22:11:16) | ===> btop++ v.1.3.2
2025/10/20 (22:11:16) | WARNING: Failed to join _runner thread on exit!

2025/10/21 (22:24:08) | ===> btop++ v.1.3.2
2025/10/21 (22:24:08) | WARNING: Failed to join _runner thread on exit!

2025/10/21 (22:27:31) | ===> btop++ v.1.3.2
2025/10/21 (22:27:31) | WARNING: Failed to join _runner thread on exit!

2025/10/21 (22:28:54) | ===> btop++ v.1.3.2
2025/10/21 (22:28:54) | WARNING: Failed to join _runner thread on exit!

2025/10/22 (10:04:33) | ===> btop++ v.1.3.2
2025/10/22 (10:04:33) | WARNING: Failed to join _runner thread on exit!

2025/10/22 (20:03:20) | ===> btop++ v.1.3.2
2025/10/22 (20:03:20) | WARNING: Failed to join _runner thread on exit!

2025/10/23 (01:39:16) | ===> btop++ v.1.3.2
2025/10/23 (01:39:16) | WARNING: Failed to join _runner thread on exit!

2025/09/26 (01:08:36) | ===> btop++ v.1.3.2
2025/09/26 (01:08:36) | WARNING: Failed to join _runner thread on exit!

2025/10/23 (15:57:02) | ===> btop++ v.1.3.2
2025/10/23 (15:57:02) | WARNING: Failed to join _runner thread on exit!

2025/10/23 (16:51:31) | ===> btop++ v.1.3.2
2025/10/23 (16:51:31) | WARNING: Failed to join _runner thread on exit!

2025/10/23 (20:38:32) | ===> btop++ v.1.3.2
2025/10/23 (20:38:32) | WARNING: Failed to join _runner thread on exit!

2025/10/23 (20:38:37) | ===> btop++ v.1.3.2
2025/10/23 (20:38:37) | WARNING: Failed to join _runner thread on exit!

2025/10/23 (20:51:11) | ===> btop++ v.1.3.2
2025/10/23 (20:51:11) | WARNING: Failed to join _runner thread on exit!

2025/10/23 (20:51:44) | ===> btop++ v.1.3.2
2025/10/23 (20:51:44) | WARNING: Failed to join _runner thread on exit!

2025/10/23 (20:51:50) | ===> btop++ v.1.3.2
2025/10/23 (20:51:50) | WARNING: Failed to join _runner thread on exit!

2025/10/23 (20:52:26) | ===> btop++ v.1.3.2
2025/10/23 (20:52:26) | WARNING: Failed to join _runner thread on exit!

2025/10/23 (20:52:28) | ===> btop++ v.1.3.2
2025/10/23 (20:52:28) | WARNING: Failed to join _runner thread on exit!

2025/10/23 (20:52:31) | ===> btop++ v.1.3.2
2025/10/23 (20:52:31) | WARNING: Failed to join _runner thread on exit!

2025/10/23 (20:53:22) | ===> btop++ v.1.3.2
2025/10/23 (20:53:22) | WARNING: Failed to join _runner thread on exit!

2025/10/23 (20:58:56) | ===> btop++ v.1.3.2
2025/10/23 (20:58:56) | WARNING: Failed to join _runner thread on exit!

2025/10/23 (20:58:59) | ===> btop++ v.1.3.2
2025/10/23 (20:58:59) | WARNING: Failed to join _runner thread on exit!

2025/10/23 (21:00:04) | ===> btop++ v.1.3.2
2025/10/23 (21:00:04) | WARNING: Failed to join _runner thread on exit!

2025/10/23 (21:00:10) | ===> btop++ v.1.3.2
2025/10/23 (21:00:10) | WARNING: Failed to join _runner thread on exit!

2025/10/23 (21:00:33) | ===> btop++ v.1.3.2
2025/10/23 (21:00:33) | WARNING: Failed to join _runner thread on exit!

2025/10/23 (21:00:35) | ===> btop++ v.1.3.2
2025/10/23 (21:00:35) | WARNING: Failed to join _runner thread on exit!

2025/10/23 (21:04:01) | ===> btop++ v.1.3.2
2025/10/23 (21:04:01) | WARNING: Failed to join _runner thread on exit!

2025/10/23 (21:04:03) | ===> btop++ v.1.3.2
2025/10/23 (21:04:03) | WARNING: Failed to join _runner thread on exit!

2025/10/23 (21:04:26) | ===> btop++ v.1.3.2
2025/10/23 (21:04:26) | WARNING: Failed to join _runner thread on exit!

2025/10/23 (21:05:09) | ===> btop++ v.1.3.2
2025/10/23 (21:05:09) | WARNING: Failed to join _runner thread on exit!

2025/10/23 (21:05:17) | ===> btop++ v.1.3.2
2025/10/23 (21:05:17) | WARNING: Failed to join _runner thread on exit!

2025/10/23 (21:08:09) | ===> btop++ v.1.3.2
2025/10/23 (21:08:09) | WARNING: Failed to join _runner thread on exit!

2025/10/23 (21:08:12) | ===> btop++ v.1.3.2
2025/10/23 (21:08:12) | WARNING: Failed to join _runner thread on exit!

2025/10/23 (21:08:14) | ===> btop++ v.1.3.2
2025/10/23 (21:08:14) | WARNING: Failed to join _runner thread on exit!

2025/10/23 (21:08:19) | ===> btop++ v.1.3.2
2025/10/23 (21:08:19) | WARNING: Failed to join _runner thread on exit!

2025/10/23 (21:08:39) | ===> btop++ v.1.3.2
2025/10/23 (21:08:39) | WARNING: Failed to join _runner thread on exit!

2025/10/23 (21:09:16) | ===> btop++ v.1.3.2
2025/10/23 (21:09:16) | WARNING: Failed to join _runner thread on exit!

2025/10/23 (21:11:08) | ===> btop++ v.1.3.2
2025/10/23 (21:11:08) | WARNING: Failed to join _runner thread on exit!

2025/10/23 (21:12:30) | ===> btop++ v.1.3.2
2025/10/23 (21:12:30) | WARNING: Failed to join _runner thread on exit!

2025/10/24 (12:13:07) | ===> btop++ v.1.3.2
2025/10/24 (12:13:07) | WARNING: Failed to join _runner thread on exit!

2025/10/24 (20:13:24) | ===> btop++ v.1.3.2
2025/10/24 (20:13:24) | WARNING: Failed to join _runner thread on exit!

2025/10/24 (23:31:56) | ===> btop++ v.1.3.2
2025/10/24 (23:31:56) | WARNING: Failed to join _runner thread on exit!

2025/10/25 (02:05:11) | ===> btop++ v.1.3.2
2025/10/25 (02:05:11) | WARNING: Failed to join _runner thread on exit!

2025/10/25 (03:16:02) | ===> btop++ v.1.3.2
2025/10/25 (03:16:02) | WARNING: Failed to join _runner thread on exit!

2025/10/25 (04:53:41) | ===> btop++ v.1.3.2
2025/10/25 (04:53:41) | WARNING: Failed to join _runner thread on exit!

2025/10/25 (17:28:34) | ===> btop++ v.1.3.2
2025/10/25 (17:28:34) | WARNING: Failed to join _runner thread on exit!

2025/10/27 (14:39:13) | ===> btop++ v.1.3.2
2025/10/27 (14:39:13) | ERROR: Couldn't determine terminal size of "STDOUT_FILENO"!
2025/10/27 (14:39:14) | ERROR: Couldn't determine terminal size of "STDOUT_FILENO"!
2025/10/27 (14:39:14) | ERROR: Couldn't determine terminal size of "STDOUT_FILENO"!
2025/10/27 (14:39:14) | ERROR: Couldn't determine terminal size of "STDOUT_FILENO"!
2025/10/27 (14:39:14) | ERROR: Couldn't determine terminal size of "STDOUT_FILENO"!
2025/10/27 (14:39:14) | ERROR: Couldn't determine terminal size of "STDOUT_FILENO"!
2025/10/27 (14:39:14) | ERROR: Couldn't determine terminal size of "STDOUT_FILENO"!
2025/10/27 (14:39:14) | ERROR: Couldn't determine terminal size of "STDOUT_FILENO"!
2025/10/27 (14:39:14) | ERROR: Couldn't determine terminal size of "STDOUT_FILENO"!
2025/10/27 (14:39:14) | ERROR: Couldn't determine terminal size of "STDOUT_FILENO"!
2025/10/27 (14:39:14) | ERROR: Couldn't determine terminal size of "STDOUT_FILENO"!
2025/10/27 (14:39:14) | ERROR: Couldn't determine terminal size of "STDOUT_FILENO"!
2025/10/27 (14:39:14) | ERROR: Couldn't determine terminal size of "STDOUT_FILENO"!
2025/10/27 (14:39:14) | ERROR: Couldn't determine terminal size of "STDOUT_FILENO"!
2025/10/27 (14:39:14) | ERROR: Couldn't determine terminal size of "STDOUT_FILENO"!
2025/10/27 (14:39:14) | ERROR: Couldn't determine terminal size of "STDOUT_FILENO"!
2025/10/27 (14:39:14) | ERROR: Couldn't determine terminal size of "STDOUT_FILENO"!
2025/10/27 (14:39:14) | ERROR: Couldn't determine terminal size of "STDOUT_FILENO"!
2025/10/27 (14:39:14) | ERROR: Couldn't determine terminal size of "STDOUT_FILENO"!
2025/10/27 (14:39:14) | ERROR: Couldn't determine terminal size of "STDOUT_FILENO"!
2025/10/27 (14:39:14) | ERROR: Couldn't determine terminal size of "STDOUT_FILENO"!
2025/10/27 (14:39:14) | ERROR: Couldn't determine terminal size of "STDOUT_FILENO"!
2025/10/27 (14:39:14) | ERROR: Couldn't determine terminal size of "STDOUT_FILENO"!
2025/10/27 (14:39:14) | ERROR: Couldn't determine terminal size of "STDOUT_FILENO"!
2025/10/27 (14:39:14) | ERROR: Couldn't determine terminal size of "STDOUT_FILENO"!
2025/10/27 (14:39:14) | ERROR: Couldn't determine terminal size of "STDOUT_FILENO"!
2025/10/27 (14:39:14) | ERROR: Couldn't determine terminal size of "STDOUT_FILENO"!
2025/10/27 (14:39:14) | ERROR: Couldn't determine terminal size of "STDOUT_FILENO"!
2025/10/27 (14:39:14) | ERROR: Couldn't determine terminal size of "STDOUT_FILENO"!
2025/10/27 (14:39:14) | ERROR: Couldn't determine terminal size of "STDOUT_FILENO"!
2025/10/27 (14:39:14) | ERROR: Couldn't determine terminal size of "STDOUT_FILENO"!
2025/10/27 (14:39:14) | ERROR: Couldn't determine terminal size of "STDOUT_FILENO"!
2025/10/27 (14:39:14) | ERROR: Couldn't determine terminal size of "STDOUT_FILENO"!
2025/10/27 (14:39:14) | ERROR: Couldn't determine terminal size of "STDOUT_FILENO"!
2025/10/27 (14:39:14) | ERROR: Couldn't determine terminal size of "STDOUT_FILENO"!
2025/10/27 (14:39:14) | ERROR: Couldn't determine terminal size of "STDOUT_FILENO"!
2025/10/27 (14:39:14) | ERROR: Couldn't determine terminal size of "STDOUT_FILENO"!
2025/10/27 (14:39:14) | ERROR: Couldn't determine terminal size of "STDOUT_FILENO"!
2025/10/27 (14:39:14) | ERROR: Couldn't determine terminal size of "STDOUT_FILENO"!
2025/10/27 (14:39:14) | ERROR: Couldn't determine terminal size of "STDOUT_FILENO"!
2025/10/27 (14:39:14) | ERROR: Couldn't determine terminal size of "STDOUT_FILENO"!
2025/10/27 (14:39:14) | ERROR: Couldn't determine terminal size of "STDOUT_FILENO"!
2025/10/27 (14:39:14) | ERROR: Couldn't determine terminal size of "STDOUT_FILENO"!
2025/10/27 (14:39:14) | ERROR: Couldn't determine terminal size of "STDOUT_FILENO"!
2025/10/27 (14:39:14) | ERROR: Couldn't determine terminal size of "STDOUT_FILENO"!
2025/10/27 (14:39:14) | ERROR: Couldn't determine terminal size of "STDOUT_FILENO"!
2025/10/27 (14:39:14) | ERROR: Couldn't determine terminal size of "STDOUT_FILENO"!
2025/10/27 (14:39:14) | ERROR: Couldn't determine terminal size of "STDOUT_FILENO"!
2025/10/27 (14:39:14) | ERROR: Couldn't determine terminal size of "STDOUT_FILENO"!
2025/10/27 (14:39:14) | ERROR: Couldn't determine terminal size of "STDOUT_FILENO"!
2025/10/27 (14:39:14) | ERROR: Couldn't determine terminal size of "STDOUT_FILENO"!
2025/10/27 (14:39:14) | ERROR: Couldn't determine terminal size of "STDOUT_FILENO"!
2025/10/27 (14:39:14) | ERROR: Couldn't determine terminal size of "STDOUT_FILENO"!
2025/10/27 (14:39:14) | ERROR: Couldn't determine terminal size of "STDOUT_FILENO"!
2025/10/27 (14:39:14) | ERROR: Couldn't determine terminal size of "STDOUT_FILENO"!
2025/10/27 (14:39:14) | ERROR: Couldn't determine terminal size of "STDOUT_FILENO"!
2025/10/27 (14:39:14) | ERROR: Couldn't determine terminal size of "STDOUT_FILENO"!
2025/10/27 (14:39:14) | ERROR: Couldn't determine terminal size of "STDOUT_FILENO"!
2025/10/27 (14:39:14) | ERROR: Couldn't determine terminal size of "STDOUT_FILENO"!
2025/10/27 (14:39:14) | ERROR: Couldn't determine terminal size of "STDOUT_FILENO"!
2025/10/27 (14:39:14) | ERROR: Couldn't determine terminal size of "STDOUT_FILENO"!
2025/10/27 (14:39:14) | ERROR: Couldn't determine terminal size of "STDOUT_FILENO"!
2025/10/27 (14:39:14) | ERROR: Couldn't determine terminal size of "STDOUT_FILENO"!
2025/10/27 (14:39:14) | ERROR: Couldn't determine terminal size of "STDOUT_FILENO"!
2025/10/27 (14:39:14) | ERROR: Couldn't determine terminal size of "STDOUT_FILENO"!
2025/10/27 (14:39:14) | ERROR: Couldn't determine terminal size of "STDOUT_FILENO"!
2025/10/27 (14:39:14) | ERROR: Couldn't determine terminal size of "STDOUT_FILENO"!
2025/10/27 (14:39:14) | ERROR: Couldn't determine terminal size of "STDOUT_FILENO"!
2025/10/27 (14:39:14) | ERROR: Couldn't determine terminal size of "STDOUT_FILENO"!
2025/10/27 (14:39:14) | ERROR: Couldn't determine terminal size of "STDOUT_FILENO"!
2025/10/27 (14:39:14) | ERROR: Couldn't determine terminal size of "STDOUT_FILENO"!
2025/10/27 (14:39:14) | ERROR: Couldn't determine terminal size of "STDOUT_FILENO"!
2025/10/27 (14:39:14) | ERROR: Couldn't determine terminal size of "STDOUT_FILENO"!
2025/10/27 (14:39:14) | ERROR: Couldn't determine terminal size of "STDOUT_FILENO"!
2025/10/27 (14:39:14) | ERROR: Couldn't determine terminal size of "STDOUT_FILENO"!
2025/10/27 (14:39:14) | ERROR: Couldn't determine terminal size of "STDOUT_FILENO"!
2025/10/27 (14:39:14) | ERROR: Couldn't determine terminal size of "STDOUT_FILENO"!
2025/10/27 (14:39:14) | ERROR: Couldn't determine terminal size of "STDOUT_FILENO"!
2025/10/27 (14:39:14) | ERROR: Couldn't determine terminal size of "STDOUT_FILENO"!
2025/10/27 (14:39:14) | ERROR: Couldn't determine terminal size of "STDOUT_FILENO"!
2025/10/27 (14:39:14) | ERROR: Couldn't determine terminal size of "STDOUT_FILENO"!
2025/10/27 (14:39:14) | ERROR: Couldn't determine terminal size of "STDOUT_FILENO"!
2025/10/27 (14:39:14) | ERROR: Couldn't determine terminal size of "STDOUT_FILENO"!
2025/10/27 (14:39:14) | ERROR: Couldn't determine terminal size of "STDOUT_FILENO"!
2025/10/27 (14:39:14) | ERROR: Couldn't determine terminal size of "STDOUT_FILENO"!
2025/10/27 (14:39:14) | ERROR: Couldn't determine terminal size of "STDOUT_FILENO"!
2025/10/27 (14:39:14) | ERROR: Couldn't determine terminal size of "STDOUT_FILENO"!
2025/10/27 (14:39:15) | ERROR: Couldn't determine terminal size of "STDOUT_FILENO"!
2025/10/27 (14:39:15) | ERROR: Couldn't determine terminal size of "STDOUT_FILENO"!
2025/10/27 (14:39:15) | ERROR: Couldn't determine terminal size of "STDOUT_FILENO"!
2025/10/27 (14:39:15) | ERROR: Couldn't determine terminal size of "STDOUT_FILENO"!
2025/10/27 (14:39:15) | ERROR: Couldn't determine terminal size of "STDOUT_FILENO"!
2025/10/27 (14:39:15) | ERROR: Couldn't determine terminal size of "STDOUT_FILENO"!
2025/10/27 (14:39:15) | ERROR: Couldn't determine terminal size of "STDOUT_FILENO"!
2025/10/27 (14:39:15) | ERROR: Couldn't determine terminal size of "STDOUT_FILENO"!
2025/10/27 (14:39:15) | ERROR: Couldn't determine terminal size of "STDOUT_FILENO"!
2025/10/27 (14:39:15) | ERROR: Couldn't determine terminal size of "STDOUT_FILENO"!
2025/10/27 (14:39:15) | ERROR: Couldn't determine terminal size of "STDOUT_FILENO"!
2025/10/27 (14:39:15) | ERROR: Couldn't determine terminal size of "STDOUT_FILENO"!
2025/10/27 (14:39:15) | ERROR: Couldn't determine terminal size of "STDOUT_FILENO"!
2025/10/27 (14:39:15) | ERROR: Couldn't determine terminal size of "STDOUT_FILENO"!
2025/10/27 (14:39:15) | ERROR: Couldn't determine terminal size of "STDOUT_FILENO"!
2025/10/27 (14:39:15) | ERROR: Couldn't determine terminal size of "STDOUT_FILENO"!
2025/10/27 (14:39:15) | ERROR: Couldn't determine terminal size of "STDOUT_FILENO"!
2025/10/27 (14:39:15) | ERROR: Couldn't determine terminal size of "STDOUT_FILENO"!
2025/10/27 (14:39:15) | ERROR: Couldn't determine terminal size of "STDOUT_FILENO"!
2025/10/27 (14:39:15) | ERROR: Couldn't determine terminal size of "STDOUT_FILENO"!
2025/10/27 (14:39:15) | ERROR: Couldn't determine terminal size of "STDOUT_FILENO"!
2025/10/27 (14:39:15) | ERROR: Couldn't determine terminal size of "STDOUT_FILENO"!
2025/10/27 (14:39:15) | ERROR: Couldn't determine terminal size of "STDOUT_FILENO"!
2025/10/27 (14:39:15) | ERROR: Couldn't determine terminal size of "STDOUT_FILENO"!
2025/10/27 (14:39:15) | ERROR: Couldn't determine terminal size of "STDOUT_FILENO"!
2025/10/27 (14:39:15) | ERROR: Couldn't determine terminal size of "STDOUT_FILENO"!
2025/10/27 (14:39:15) | ERROR: Couldn't determine terminal size of "STDOUT_FILENO"!
2025/10/27 (14:39:15) | ERROR: Couldn't determine terminal size of "STDOUT_FILENO"!
2025/10/27 (14:39:15) | ERROR: Couldn't determine terminal size of "STDOUT_FILENO"!
2025/10/27 (14:39:15) | ERROR: Couldn't determine terminal size of "STDOUT_FILENO"!
2025/10/27 (14:39:15) | ERROR: Couldn't determine terminal size of "STDOUT_FILENO"!
2025/10/27 (14:39:15) | ERROR: Couldn't determine terminal size of "STDOUT_FILENO"!
2025/10/27 (14:39:15) | ERROR: Couldn't determine terminal size of "STDOUT_FILENO"!
2025/10/27 (14:39:15) | ERROR: Couldn't determine terminal size of "STDOUT_FILENO"!
2025/10/27 (14:39:15) | ERROR: Couldn't determine terminal size of "STDOUT_FILENO"!
2025/10/27 (14:39:15) | ERROR: Couldn't determine terminal size of "STDOUT_FILENO"!
2025/10/27 (14:39:15) | ERROR: Couldn't determine terminal size of "STDOUT_FILENO"!
2025/10/27 (14:39:15) | ERROR: Couldn't determine terminal size of "STDOUT_FILENO"!
2025/10/27 (14:39:15) | ERROR: Couldn't determine terminal size of "STDOUT_FILENO"!
2025/10/27 (14:39:15) | ERROR: Couldn't determine terminal size of "STDOUT_FILENO"!
2025/10/27 (14:39:15) | ERROR: Couldn't determine terminal size of "STDOUT_FILENO"!
2025/10/27 (14:39:15) | ERROR: Couldn't determine terminal size of "STDOUT_FILENO"!
2025/10/27 (14:39:15) | ERROR: Couldn't determine terminal size of "STDOUT_FILENO"!
2025/10/27 (14:39:15) | ERROR: Couldn't determine terminal size of "STDOUT_FILENO"!
2025/10/27 (14:39:15) | ERROR: Couldn't determine terminal size of "STDOUT_FILENO"!
2025/10/27 (14:39:15) | ERROR: Couldn't determine terminal size of "STDOUT_FILENO"!
2025/10/27 (14:39:15) | ERROR: Couldn't determine terminal size of "STDOUT_FILENO"!
2025/10/27 (14:39:15) | ERROR: Couldn't determine terminal size of "STDOUT_FILENO"!
2025/10/27 (14:39:15) | ERROR: Couldn't determine terminal size of "STDOUT_FILENO"!
2025/10/27 (14:39:15) | ERROR: Couldn't determine terminal size of "STDOUT_FILENO"!
2025/10/27 (14:39:15) | ERROR: Couldn't determine terminal size of "STDOUT_FILENO"!
2025/10/27 (14:39:15) | ERROR: Couldn't determine terminal size of "STDOUT_FILENO"!
2025/10/27 (14:39:15) | ERROR: Couldn't determine terminal size of "STDOUT_FILENO"!
2025/10/27 (14:39:15) | ERROR: Couldn't determine terminal size of "STDOUT_FILENO"!
2025/10/27 (14:39:15) | ERROR: Couldn't determine terminal size of "STDOUT_FILENO"!
2025/10/27 (14:39:15) | ERROR: Couldn't determine terminal size of "STDOUT_FILENO"!
2025/10/27 (14:39:15) | ERROR: Couldn't determine terminal size of "STDOUT_FILENO"!
2025/10/27 (14:39:15) | ERROR: Couldn't determine terminal size of "STDOUT_FILENO"!
2025/10/27 (14:39:15) | ERROR: Couldn't determine terminal size of "STDOUT_FILENO"!
2025/10/27 (14:39:15) | ERROR: Couldn't determine terminal size of "STDOUT_FILENO"!
2025/10/27 (14:39:15) | ERROR: Couldn't determine terminal size of "STDOUT_FILENO"!
2025/10/27 (14:39:15) | ERROR: Couldn't determine terminal size of "STDOUT_FILENO"!
2025/10/27 (14:39:15) | ERROR: Couldn't determine terminal size of "STDOUT_FILENO"!
2025/10/27 (14:39:15) | ERROR: Couldn't determine terminal size of "STDOUT_FILENO"!
2025/10/27 (14:39:15) | ERROR: Couldn't determine terminal size of "STDOUT_FILENO"!
2025/10/27 (14:39:15) | ERROR: Couldn't determine terminal size of "STDOUT_FILENO"!
2025/10/27 (14:39:15) | ERROR: Couldn't determine terminal size of "STDOUT_FILENO"!
2025/10/27 (14:39:15) | ERROR: Couldn't determine terminal size of "STDOUT_FILENO"!
2025/10/27 (14:39:15) | ERROR: Couldn't determine terminal size of "STDOUT_FILENO"!
2025/10/27 (14:39:15) | ERROR: Couldn't determine terminal size of "STDOUT_FILENO"!
2025/10/27 (14:39:15) | ERROR: Couldn't determine terminal size of "STDOUT_FILENO"!
2025/10/27 (14:39:15) | ERROR: Couldn't determine terminal size of "STDOUT_FILENO"!
2025/10/27 (14:39:15) | ERROR: Couldn't determine terminal size of "STDOUT_FILENO"!
2025/10/27 (14:39:15) | ERROR: Couldn't determine terminal size of "STDOUT_FILENO"!
2025/10/27 (14:39:15) | ERROR: Couldn't determine terminal size of "STDOUT_FILENO"!
2025/10/27 (14:39:15) | ERROR: Couldn't determine terminal size of "STDOUT_FILENO"!
2025/10/27 (14:39:15) | ERROR: Couldn't determine terminal size of "STDOUT_FILENO"!
2025/10/27 (14:39:15) | ERROR: Couldn't determine terminal size of "STDOUT_FILENO"!
2025/10/27 (14:39:15) | ERROR: Couldn't determine terminal size of "STDOUT_FILENO"!
2025/10/27 (14:39:15) | ERROR: Couldn't determine terminal size of "STDOUT_FILENO"!
2025/10/27 (14:39:15) | ERROR: Couldn't determine terminal size of "STDOUT_FILENO"!
2025/10/27 (14:39:15) | ERROR: Couldn't determine terminal size of "STDOUT_FILENO"!
2025/10/27 (14:39:15) | ERROR: Couldn't determine terminal size of "STDOUT_FILENO"!
2025/10/27 (14:39:15) | ERROR: Couldn't determine terminal size of "STDOUT_FILENO"!
2025/10/27 (14:39:15) | ERROR: Couldn't determine terminal size of "STDOUT_FILENO"!
2025/10/27 (14:39:15) | ERROR: Couldn't determine terminal size of "STDOUT_FILENO"!
2025/10/27 (14:39:15) | ERROR: Couldn't determine terminal size of "STDOUT_FILENO"!
2025/10/27 (14:39:15) | ERROR: Couldn't determine terminal size of "STDOUT_FILENO"!
2025/10/27 (14:39:15) | ERROR: Couldn't determine terminal size of "STDOUT_FILENO"!
2025/10/27 (14:39:15) | ERROR: Couldn't determine terminal size of "STDOUT_FILENO"!
2025/10/27 (14:39:15) | ERROR: Couldn't determine terminal size of "STDOUT_FILENO"!
2025/10/27 (14:39:15) | ERROR: Couldn't determine terminal size of "STDOUT_FILENO"!
2025/10/27 (14:39:15) | ERROR: Couldn't determine terminal size of "STDOUT_FILENO"!
2025/10/27 (14:39:15) | ERROR: Couldn't determine terminal size of "STDOUT_FILENO"!
2025/10/27 (14:39:15) | ERROR: Couldn't determine terminal size of "STDOUT_FILENO"!
2025/10/27 (14:39:15) | ERROR: Couldn't determine terminal size of "STDOUT_FILENO"!
2025/10/27 (14:39:15) | ERROR: Couldn't determine terminal size of "STDOUT_FILENO"!
2025/10/27 (14:39:15) | ERROR: Couldn't determine terminal size of "STDOUT_FILENO"!
2025/10/27 (14:39:15) | ERROR: Couldn't determine terminal size of "STDOUT_FILENO"!
2025/10/27 (14:39:16) | ERROR: Couldn't determine terminal size of "STDOUT_FILENO"!
2025/10/27 (14:39:16) | ERROR: Couldn't determine terminal size of "STDOUT_FILENO"!
2025/10/27 (14:39:16) | ERROR: Couldn't determine terminal size of "STDOUT_FILENO"!
2025/10/27 (14:39:16) | ERROR: Couldn't determine terminal size of "STDOUT_FILENO"!
2025/10/27 (14:39:16) | ERROR: Couldn't determine terminal size of "STDOUT_FILENO"!
2025/10/27 (14:39:16) | ERROR: Couldn't determine terminal size of "STDOUT_FILENO"!
2025/10/27 (14:39:16) | ERROR: Couldn't determine terminal size of "STDOUT_FILENO"!
2025/10/27 (14:39:16) | ERROR: Couldn't determine terminal size of "STDOUT_FILENO"!
2025/10/27 (14:39:16) | ERROR: Couldn't determine terminal size of "STDOUT_FILENO"!
2025/10/27 (14:39:16) | ERROR: Couldn't determine terminal size of "STDOUT_FILENO"!
2025/10/27 (14:39:16) | ERROR: Couldn't determine terminal size of "STDOUT_FILENO"!
2025/10/27 (14:39:16) | ERROR: Couldn't determine terminal size of "STDOUT_FILENO"!
2025/10/27 (14:39:16) | ERROR: Couldn't determine terminal size of "STDOUT_FILENO"!
2025/10/27 (14:39:16) | ERROR: Couldn't determine terminal size of "STDOUT_FILENO"!
2025/10/27 (14:39:16) | ERROR: Couldn't determine terminal size of "STDOUT_FILENO"!
2025/10/27 (14:39:16) | ERROR: Couldn't determine terminal size of "STDOUT_FILENO"!
2025/10/27 (14:39:16) | ERROR: Couldn't determine terminal size of "STDOUT_FILENO"!
2025/10/27 (14:39:16) | ERROR: Couldn't determine terminal size of "STDOUT_FILENO"!
2025/10/27 (14:39:16) | ERROR: Couldn't determine terminal size of "STDOUT_FILENO"!
2025/10/27 (14:39:16) | ERROR: Couldn't determine terminal size of "STDOUT_FILENO"!
2025/10/27 (14:39:16) | ERROR: Couldn't determine terminal size of "STDOUT_FILENO"!
2025/10/27 (14:39:16) | ERROR: Couldn't determine terminal size of "STDOUT_FILENO"!
2025/10/27 (14:39:16) | ERROR: Couldn't determine terminal size of "STDOUT_FILENO"!
2025/10/27 (14:39:16) | ERROR: Couldn't determine terminal size of "STDOUT_FILENO"!
2025/10/27 (14:39:16) | ERROR: Couldn't determine terminal size of "STDOUT_FILENO"!
2025/10/27 (14:39:16) | ERROR: Couldn't determine terminal size of "STDOUT_FILENO"!
2025/10/27 (14:39:16) | ERROR: Couldn't determine terminal size of "STDOUT_FILENO"!
2025/10/27 (14:39:16) | ERROR: Couldn't determine terminal size of "STDOUT_FILENO"!
2025/10/27 (14:39:16) | ERROR: Couldn't determine terminal size of "STDOUT_FILENO"!
2025/10/27 (14:39:16) | ERROR: Couldn't determine terminal size of "STDOUT_FILENO"!
2025/10/27 (14:39:16) | ERROR: Couldn't determine terminal size of "STDOUT_FILENO"!
2025/10/27 (14:39:16) | ERROR: Couldn't determine terminal size of "STDOUT_FILENO"!
2025/10/27 (14:39:16) | ERROR: Couldn't determine terminal size of "STDOUT_FILENO"!
2025/10/27 (14:39:16) | ERROR: Couldn't determine terminal size of "STDOUT_FILENO"!
2025/10/27 (14:39:16) | ERROR: Couldn't determine terminal size of "STDOUT_FILENO"!
2025/10/27 (14:39:16) | ERROR: Couldn't determine terminal size of "STDOUT_FILENO"!
2025/10/27 (14:39:16) | ERROR: Couldn't determine terminal size of "STDOUT_FILENO"!
2025/10/27 (14:39:16) | ERROR: Couldn't determine terminal size of "STDOUT_FILENO"!
2025/10/27 (14:39:16) | ERROR: Couldn't determine terminal size of "STDOUT_FILENO"!
2025/10/27 (14:39:16) | ERROR: Couldn't determine terminal size of "STDOUT_FILENO"!
2025/10/27 (14:39:16) | ERROR: Couldn't determine terminal size of "STDOUT_FILENO"!
2025/10/27 (14:39:16) | ERROR: Couldn't determine terminal size of "STDOUT_FILENO"!
2025/10/27 (14:39:16) | ERROR: Couldn't determine terminal size of "STDOUT_FILENO"!
2025/10/27 (14:39:16) | ERROR: Couldn't determine terminal size of "STDOUT_FILENO"!
2025/10/27 (14:39:16) | ERROR: Couldn't determine terminal size of "STDOUT_FILENO"!
2025/10/27 (14:39:16) | ERROR: Couldn't determine terminal size of "STDOUT_FILENO"!
2025/10/27 (14:39:16) | ERROR: Couldn't determine terminal size of "STDOUT_FILENO"!
2025/10/27 (14:39:16) | ERROR: Couldn't determine terminal size of "STDOUT_FILENO"!
2025/10/27 (14:39:16) | ERROR: Couldn't determine terminal size of "STDOUT_FILENO"!
2025/10/27 (14:39:16) | ERROR: Couldn't determine terminal size of "STDOUT_FILENO"!
2025/10/27 (14:39:16) | ERROR: Couldn't determine terminal size of "STDOUT_FILENO"!
2025/10/27 (14:39:16) | ERROR: Couldn't determine terminal size of "STDOUT_FILENO"!
2025/10/27 (14:39:16) | ERROR: Couldn't determine terminal size of "STDOUT_FILENO"!
2025/10/27 (14:39:16) | ERROR: Couldn't determine terminal size of "STDOUT_FILENO"!
2025/10/27 (14:39:16) | ERROR: Couldn't determine terminal size of "STDOUT_FILENO"!
2025/10/27 (14:39:16) | ERROR: Couldn't determine terminal size of "STDOUT_FILENO"!
2025/10/27 (14:39:16) | ERROR: Couldn't determine terminal size of "STDOUT_FILENO"!
2025/10/27 (14:39:16) | ERROR: Couldn't determine terminal size of "STDOUT_FILENO"!
2025/10/27 (14:39:16) | ERROR: Couldn't determine terminal size of "STDOUT_FILENO"!
2025/10/27 (14:39:16) | ERROR: Couldn't determine terminal size of "STDOUT_FILENO"!
2025/10/27 (14:39:16) | ERROR: Couldn't determine terminal size of "STDOUT_FILENO"!
2025/10/27 (14:39:16) | ERROR: Couldn't determine terminal size of "STDOUT_FILENO"!
2025/10/27 (14:39:16) | ERROR: Couldn't determine terminal size of "STDOUT_FILENO"!
2025/10/27 (14:39:16) | ERROR: Couldn't determine terminal size of "STDOUT_FILENO"!
2025/10/27 (14:39:16) | ERROR: Couldn't determine terminal size of "STDOUT_FILENO"!
2025/10/27 (14:39:16) | ERROR: Couldn't determine terminal size of "STDOUT_FILENO"!
2025/10/27 (14:39:16) | ERROR: Couldn't determine terminal size of "STDOUT_FILENO"!
2025/10/27 (14:39:16) | ERROR: Couldn't determine terminal size of "STDOUT_FILENO"!
2025/10/27 (14:39:16) | ERROR: Couldn't determine terminal size of "STDOUT_FILENO"!
2025/10/27 (14:39:16) | ERROR: Couldn't determine terminal size of "STDOUT_FILENO"!
2025/10/27 (14:39:16) | ERROR: Couldn't determine terminal size of "STDOUT_FILENO"!
2025/10/27 (14:39:16) | ERROR: Couldn't determine terminal size of "STDOUT_FILENO"!
2025/10/27 (14:39:16) | ERROR: Couldn't determine terminal size of "STDOUT_FILENO"!
2025/10/27 (14:39:16) | ERROR: Couldn't determine terminal size of "STDOUT_FILENO"!
2025/10/27 (14:39:16) | ERROR: Couldn't determine terminal size of "STDOUT_FILENO"!
2025/10/27 (14:39:16) | ERROR: Couldn't determine terminal size of "STDOUT_FILENO"!
2025/10/27 (14:39:16) | ERROR: Couldn't determine terminal size of "STDOUT_FILENO"!
2025/10/27 (14:39:16) | ERROR: Couldn't determine terminal size of "STDOUT_FILENO"!
2025/10/27 (14:39:16) | ERROR: Couldn't determine terminal size of "STDOUT_FILENO"!
2025/10/27 (14:39:16) | ERROR: Couldn't determine terminal size of "STDOUT_FILENO"!
2025/10/27 (14:39:16) | ERROR: Couldn't determine terminal size of "STDOUT_FILENO"!
2025/10/27 (14:39:16) | ERROR: Couldn't determine terminal size of "STDOUT_FILENO"!
2025/10/27 (14:39:16) | ERROR: Couldn't determine terminal size of "STDOUT_FILENO"!
2025/10/27 (14:39:16) | ERROR: Couldn't determine terminal size of "STDOUT_FILENO"!
2025/10/27 (14:39:16) | ERROR: Couldn't determine terminal size of "STDOUT_FILENO"!
2025/10/27 (14:39:16) | ERROR: Couldn't determine terminal size of "STDOUT_FILENO"!
2025/10/27 (14:39:16) | ERROR: Couldn't determine terminal size of "STDOUT_FILENO"!
2025/10/27 (14:39:16) | ERROR: Couldn't determine terminal size of "STDOUT_FILENO"!
2025/10/27 (14:39:16) | ERROR: Couldn't determine terminal size of "STDOUT_FILENO"!
2025/10/27 (14:39:16) | ERROR: Couldn't determine terminal size of "STDOUT_FILENO"!
2025/10/27 (14:39:16) | ERROR: Couldn't determine terminal size of "STDOUT_FILENO"!
2025/10/27 (14:39:16) | ERROR: Couldn't determine terminal size of "STDOUT_FILENO"!
2025/10/27 (14:39:16) | ERROR: Couldn't determine terminal size of "STDOUT_FILENO"!
2025/10/27 (14:39:16) | ERROR: Couldn't determine terminal size of "STDOUT_FILENO"!
2025/10/27 (14:39:16) | ERROR: Couldn't determine terminal size of "STDOUT_FILENO"!
2025/10/27 (14:39:16) | ERROR: Couldn't determine terminal size of "STDOUT_FILENO"!
2025/10/27 (14:39:16) | ERROR: Couldn't determine terminal size of "STDOUT_FILENO"!
2025/10/27 (14:39:16) | ERROR: Couldn't determine terminal size of "STDOUT_FILENO"!
2025/10/27 (14:39:17) | ERROR: Couldn't determine terminal size of "STDOUT_FILENO"!
2025/10/27 (14:39:17) | ERROR: Couldn't determine terminal size of "STDOUT_FILENO"!
2025/10/27 (14:39:17) | ERROR: Couldn't determine terminal size of "STDOUT_FILENO"!
2025/10/27 (14:39:17) | ERROR: Couldn't determine terminal size of "STDOUT_FILENO"!
2025/10/27 (14:39:17) | ERROR: Couldn't determine terminal size of "STDOUT_FILENO"!
2025/10/27 (14:39:17) | ERROR: Couldn't determine terminal size of "STDOUT_FILENO"!
2025/10/27 (14:39:17) | ERROR: Couldn't determine terminal size of "STDOUT_FILENO"!
2025/10/27 (14:39:17) | ERROR: Couldn't determine terminal size of "STDOUT_FILENO"!
2025/10/27 (14:39:17) | ERROR: Couldn't determine terminal size of "STDOUT_FILENO"!
2025/10/27 (14:39:17) | ERROR: Couldn't determine terminal size of "STDOUT_FILENO"!
2025/10/27 (14:39:17) | ERROR: Couldn't determine terminal size of "STDOUT_FILENO"!
2025/10/27 (14:39:17) | ERROR: Couldn't determine terminal size of "STDOUT_FILENO"!
2025/10/27 (14:39:17) | ERROR: Couldn't determine terminal size of "STDOUT_FILENO"!
2025/10/27 (14:39:17) | ERROR: Couldn't determine terminal size of "STDOUT_FILENO"!
2025/10/27 (14:39:17) | ERROR: Couldn't determine terminal size of "STDOUT_FILENO"!
2025/10/27 (14:39:17) | ERROR: Couldn't determine terminal size of "STDOUT_FILENO"!
2025/10/27 (14:39:17) | ERROR: Couldn't determine terminal size of "STDOUT_FILENO"!
2025/10/27 (14:39:17) | ERROR: Couldn't determine terminal size of "STDOUT_FILENO"!
2025/10/27 (14:39:17) | ERROR: Couldn't determine terminal size of "STDOUT_FILENO"!
2025/10/27 (14:39:17) | ERROR: Couldn't determine terminal size of "STDOUT_FILENO"!
2025/10/27 (14:39:17) | ERROR: Couldn't determine terminal size of "STDOUT_FILENO"!
2025/10/27 (14:39:17) | ERROR: Couldn't determine terminal size of "STDOUT_FILENO"!
2025/10/27 (14:39:17) | ERROR: Couldn't determine terminal size of "STDOUT_FILENO"!
2025/10/27 (14:39:17) | ERROR: Couldn't determine terminal size of "STDOUT_FILENO"!
2025/10/27 (14:39:17) | ERROR: Couldn't determine terminal size of "STDOUT_FILENO"!
2025/10/27 (14:39:17) | ERROR: Couldn't determine terminal size of "STDOUT_FILENO"!
2025/10/27 (14:39:17) | ERROR: Couldn't determine terminal size of "STDOUT_FILENO"!
2025/10/27 (14:39:17) | ERROR: Couldn't determine terminal size of "STDOUT_FILENO"!
2025/10/27 (14:39:17) | ERROR: Couldn't determine terminal size of "STDOUT_FILENO"!
2025/10/27 (14:39:17) | ERROR: Couldn't determine terminal size of "STDOUT_FILENO"!
2025/10/27 (14:39:17) | ERROR: Couldn't determine terminal size of "STDOUT_FILENO"!
2025/10/27 (14:39:17) | ERROR: Couldn't determine terminal size of "STDOUT_FILENO"!
2025/10/27 (14:39:17) | ERROR: Couldn't determine terminal size of "STDOUT_FILENO"!
2025/10/27 (14:39:17) | ERROR: Couldn't determine terminal size of "STDOUT_FILENO"!
2025/10/27 (14:39:17) | ERROR: Couldn't determine terminal size of "STDOUT_FILENO"!
2025/10/27 (14:39:17) | ERROR: Couldn't determine terminal size of "STDOUT_FILENO"!
2025/10/27 (14:39:17) | ERROR: Couldn't determine terminal size of "STDOUT_FILENO"!
2025/10/27 (14:39:17) | ERROR: Couldn't determine terminal size of "STDOUT_FILENO"!
2025/10/27 (14:39:17) | ERROR: Couldn't determine terminal size of "STDOUT_FILENO"!
2025/10/27 (14:39:17) | ERROR: Couldn't determine terminal size of "STDOUT_FILENO"!
2025/10/27 (14:39:17) | ERROR: Couldn't determine terminal size of "STDOUT_FILENO"!
2025/10/27 (14:39:17) | ERROR: Couldn't determine terminal size of "STDOUT_FILENO"!
2025/10/27 (14:39:17) | ERROR: Couldn't determine terminal size of "STDOUT_FILENO"!
2025/10/27 (14:39:17) | ERROR: Couldn't determine terminal size of "STDOUT_FILENO"!
2025/10/27 (14:39:17) | ERROR: Couldn't determine terminal size of "STDOUT_FILENO"!
2025/10/27 (14:39:17) | ERROR: Couldn't determine terminal size of "STDOUT_FILENO"!
2025/10/27 (14:39:17) | ERROR: Couldn't determine terminal size of "STDOUT_FILENO"!
2025/10/27 (14:39:17) | ERROR: Couldn't determine terminal size of "STDOUT_FILENO"!
2025/10/27 (14:39:17) | ERROR: Couldn't determine terminal size of "STDOUT_FILENO"!
2025/10/27 (14:39:17) | ERROR: Couldn't determine terminal size of "STDOUT_FILENO"!
2025/10/27 (14:39:17) | ERROR: Couldn't determine terminal size of "STDOUT_FILENO"!
2025/10/27 (14:39:17) | ERROR: Couldn't determine terminal size of "STDOUT_FILENO"!
2025/10/27 (14:39:17) | ERROR: Couldn't determine terminal size of "STDOUT_FILENO"!
2025/10/27 (14:39:17) | ERROR: Couldn't determine terminal size of "STDOUT_FILENO"!
2025/10/27 (14:39:17) | ERROR: Couldn't determine terminal size of "STDOUT_FILENO"!
2025/10/27 (14:39:17) | ERROR: Couldn't determine terminal size of "STDOUT_FILENO"!
2025/10/27 (14:39:17) | ERROR: Couldn't determine terminal size of "STDOUT_FILENO"!
2025/10/27 (14:39:17) | ERROR: Couldn't determine terminal size of "STDOUT_FILENO"!
2025/10/27 (14:39:17) | ERROR: Couldn't determine terminal size of "STDOUT_FILENO"!
2025/10/27 (14:39:17) | ERROR: Couldn't determine terminal size of "STDOUT_FILENO"!
2025/10/27 (14:39:17) | ERROR: Couldn't determine terminal size of "STDOUT_FILENO"!
2025/10/27 (14:39:17) | ERROR: Couldn't determine terminal size of "STDOUT_FILENO"!
2025/10/27 (14:39:17) | ERROR: Couldn't determine terminal size of "STDOUT_FILENO"!
2025/10/27 (14:39:17) | ERROR: Couldn't determine terminal size of "STDOUT_FILENO"!
2025/10/27 (14:39:17) | ERROR: Couldn't determine terminal size of "STDOUT_FILENO"!
2025/10/27 (14:39:17) | ERROR: Couldn't determine terminal size of "STDOUT_FILENO"!
2025/10/27 (14:39:17) | ERROR: Couldn't determine terminal size of "STDOUT_FILENO"!
2025/10/27 (14:39:17) | ERROR: Couldn't determine terminal size of "STDOUT_FILENO"!
2025/10/27 (14:39:17) | ERROR: Couldn't determine terminal size of "STDOUT_FILENO"!
2025/10/27 (14:39:17) | ERROR: Couldn't determine terminal size of "STDOUT_FILENO"!
2025/10/27 (14:39:17) | ERROR: Couldn't determine terminal size of "STDOUT_FILENO"!
2025/10/27 (14:39:17) | ERROR: Couldn't determine terminal size of "STDOUT_FILENO"!
2025/10/27 (14:39:17) | ERROR: Couldn't determine terminal size of "STDOUT_FILENO"!
2025/10/27 (14:39:17) | ERROR: Couldn't determine terminal size of "STDOUT_FILENO"!
2025/10/27 (14:39:17) | ERROR: Couldn't determine terminal size of "STDOUT_FILENO"!
2025/10/27 (14:39:17) | ERROR: Couldn't determine terminal size of "STDOUT_FILENO"!
2025/10/27 (14:39:17) | ERROR: Couldn't determine terminal size of "STDOUT_FILENO"!
2025/10/27 (14:39:17) | ERROR: Couldn't determine terminal size of "STDOUT_FILENO"!
2025/10/27 (14:39:17) | ERROR: Couldn't determine terminal size of "STDOUT_FILENO"!
2025/10/27 (14:39:17) | ERROR: Couldn't determine terminal size of "STDOUT_FILENO"!
2025/10/27 (14:39:17) | ERROR: Couldn't determine terminal size of "STDOUT_FILENO"!
2025/10/27 (14:39:17) | ERROR: Couldn't determine terminal size of "STDOUT_FILENO"!
2025/10/27 (14:39:17) | ERROR: Couldn't determine terminal size of "STDOUT_FILENO"!
2025/10/27 (14:39:17) | ERROR: Couldn't determine terminal size of "STDOUT_FILENO"!
2025/10/27 (14:39:17) | ERROR: Couldn't determine terminal size of "STDOUT_FILENO"!
2025/10/27 (14:39:17) | ERROR: Couldn't determine terminal size of "STDOUT_FILENO"!
2025/10/27 (14:39:17) | ERROR: Couldn't determine terminal size of "STDOUT_FILENO"!
2025/10/27 (14:39:17) | ERROR: Couldn't determine terminal size of "STDOUT_FILENO"!
2025/10/27 (14:39:17) | ERROR: Couldn't determine terminal size of "STDOUT_FILENO"!
2025/10/27 (14:39:17) | ERROR: Couldn't determine terminal size of "STDOUT_FILENO"!
2025/10/27 (14:39:17) | ERROR: Couldn't determine terminal size of "STDOUT_FILENO"!
2025/10/27 (14:39:17) | ERROR: Couldn't determine terminal size of "STDOUT_FILENO"!
2025/10/27 (14:39:17) | ERROR: Couldn't determine terminal size of "STDOUT_FILENO"!
2025/10/27 (14:39:17) | ERROR: Couldn't determine terminal size of "STDOUT_FILENO"!
2025/10/27 (14:39:17) | ERROR: Couldn't determine terminal size of "STDOUT_FILENO"!
2025/10/27 (14:39:17) | ERROR: Couldn't determine terminal size of "STDOUT_FILENO"!
2025/10/27 (14:39:17) | ERROR: Couldn't determine terminal size of "STDOUT_FILENO"!
2025/10/27 (14:39:17) | ERROR: Couldn't determine terminal size of "STDOUT_FILENO"!
2025/10/27 (14:39:18) | ERROR: Couldn't determine terminal size of "STDOUT_FILENO"!
2025/10/27 (14:39:18) | ERROR: Couldn't determine terminal size of "STDOUT_FILENO"!
2025/10/27 (14:39:18) | ERROR: Couldn't determine terminal size of "STDOUT_FILENO"!
2025/10/27 (14:39:18) | ERROR: Couldn't determine terminal size of "STDOUT_FILENO"!
2025/10/27 (14:39:18) | ERROR: Couldn't determine terminal size of "STDOUT_FILENO"!
2025/10/27 (14:39:18) | ERROR: Couldn't determine terminal size of "STDOUT_FILENO"!
2025/10/27 (14:39:18) | ERROR: Couldn't determine terminal size of "STDOUT_FILENO"!
2025/10/27 (14:39:18) | ERROR: Couldn't determine terminal size of "STDOUT_FILENO"!
2025/10/27 (14:39:18) | ERROR: Couldn't determine terminal size of "STDOUT_FILENO"!
2025/10/27 (14:39:18) | ERROR: Couldn't determine terminal size of "STDOUT_FILENO"!
2025/10/27 (14:39:18) | ERROR: Couldn't determine terminal size of "STDOUT_FILENO"!
2025/10/27 (14:39:18) | ERROR: Couldn't determine terminal size of "STDOUT_FILENO"!
2025/10/27 (14:39:18) | ERROR: Couldn't determine terminal size of "STDOUT_FILENO"!
2025/10/27 (14:39:18) | ERROR: Couldn't determine terminal size of "STDOUT_FILENO"!
2025/10/27 (14:39:18) | ERROR: Couldn't determine terminal size of "STDOUT_FILENO"!
2025/10/27 (14:39:18) | ERROR: Couldn't determine terminal size of "STDOUT_FILENO"!
2025/10/27 (14:39:18) | ERROR: Couldn't determine terminal size of "STDOUT_FILENO"!
2025/10/27 (14:39:18) | ERROR: Couldn't determine terminal size of "STDOUT_FILENO"!
2025/10/27 (14:39:18) | ERROR: Couldn't determine terminal size of "STDOUT_FILENO"!
2025/10/27 (14:39:18) | ERROR: Couldn't determine terminal size of "STDOUT_FILENO"!
2025/10/27 (14:39:18) | ERROR: Couldn't determine terminal size of "STDOUT_FILENO"!
2025/10/27 (14:39:18) | ERROR: Couldn't determine terminal size of "STDOUT_FILENO"!
2025/10/27 (14:39:18) | ERROR: Couldn't determine terminal size of "STDOUT_FILENO"!
2025/10/27 (14:39:18) | ERROR: Couldn't determine terminal size of "STDOUT_FILENO"!
2025/10/27 (14:39:18) | ERROR: Couldn't determine terminal size of "STDOUT_FILENO"!
2025/10/27 (14:39:18) | ERROR: Couldn't determine terminal size of "STDOUT_FILENO"!
2025/10/27 (14:39:18) | ERROR: Couldn't determine terminal size of "STDOUT_FILENO"!
2025/10/27 (14:39:18) | ERROR: Couldn't determine terminal size of "STDOUT_FILENO"!
2025/10/27 (14:39:18) | ERROR: Couldn't determine terminal size of "STDOUT_FILENO"!
2025/10/27 (14:39:18) | ERROR: Couldn't determine terminal size of "STDOUT_FILENO"!
2025/10/27 (14:39:18) | ERROR: Couldn't determine terminal size of "STDOUT_FILENO"!
2025/10/27 (14:39:18) | ERROR: Couldn't determine terminal size of "STDOUT_FILENO"!
2025/10/27 (14:39:18) | ERROR: Couldn't determine terminal size of "STDOUT_FILENO"!
2025/10/27 (14:39:18) | ERROR: Couldn't determine terminal size of "STDOUT_FILENO"!
2025/10/27 (14:39:18) | ERROR: Couldn't determine terminal size of "STDOUT_FILENO"!
2025/10/27 (14:39:18) | ERROR: Couldn't determine terminal size of "STDOUT_FILENO"!
2025/10/27 (14:39:18) | ERROR: Couldn't determine terminal size of "STDOUT_FILENO"!
2025/10/27 (14:39:18) | ERROR: Couldn't determine terminal size of "STDOUT_FILENO"!
2025/10/27 (14:39:18) | ERROR: Couldn't determine terminal size of "STDOUT_FILENO"!
2025/10/27 (14:39:18) | ERROR: Couldn't determine terminal size of "STDOUT_FILENO"!
2025/10/27 (14:39:18) | ERROR: Couldn't determine terminal size of "STDOUT_FILENO"!
2025/10/27 (14:39:18) | ERROR: Couldn't determine terminal size of "STDOUT_FILENO"!
2025/10/27 (14:39:18) | ERROR: Couldn't determine terminal size of "STDOUT_FILENO"!
2025/10/27 (14:39:18) | ERROR: Couldn't determine terminal size of "STDOUT_FILENO"!
2025/10/27 (14:39:18) | ERROR: Couldn't determine terminal size of "STDOUT_FILENO"!
2025/10/27 (14:39:18) | ERROR: Couldn't determine terminal size of "STDOUT_FILENO"!
2025/10/27 (14:39:18) | ERROR: Couldn't determine terminal size of "STDOUT_FILENO"!
2025/10/27 (14:39:18) | ERROR: Couldn't determine terminal size of "STDOUT_FILENO"!
2025/10/27 (14:39:18) | ERROR: Couldn't determine terminal size of "STDOUT_FILENO"!
2025/10/27 (14:39:18) | ERROR: Couldn't determine terminal size of "STDOUT_FILENO"!
2025/10/27 (14:39:18) | ERROR: Couldn't determine terminal size of "STDOUT_FILENO"!
2025/10/27 (14:39:18) | ERROR: Couldn't determine terminal size of "STDOUT_FILENO"!
2025/10/27 (14:39:18) | ERROR: Couldn't determine terminal size of "STDOUT_FILENO"!
2025/10/27 (14:39:18) | ERROR: Couldn't determine terminal size of "STDOUT_FILENO"!
2025/10/27 (14:39:18) | ERROR: Couldn't determine terminal size of "STDOUT_FILENO"!
2025/10/27 (14:39:18) | ERROR: Couldn't determine terminal size of "STDOUT_FILENO"!
2025/10/27 (14:39:18) | ERROR: Couldn't determine terminal size of "STDOUT_FILENO"!
2025/10/27 (14:39:18) | ERROR: Couldn't determine terminal size of "STDOUT_FILENO"!
2025/10/27 (14:39:18) | ERROR: Couldn't determine terminal size of "STDOUT_FILENO"!
2025/10/27 (14:39:18) | ERROR: Couldn't determine terminal size of "STDOUT_FILENO"!
2025/10/27 (14:39:18) | ERROR: Couldn't determine terminal size of "STDOUT_FILENO"!
2025/10/27 (14:39:18) | ERROR: Couldn't determine terminal size of "STDOUT_FILENO"!
2025/10/27 (14:39:18) | ERROR: Couldn't determine terminal size of "STDOUT_FILENO"!
2025/10/27 (14:39:18) | ERROR: Couldn't determine terminal size of "STDOUT_FILENO"!
2025/10/27 (14:39:18) | ERROR: Couldn't determine terminal size of "STDOUT_FILENO"!
2025/10/27 (14:39:18) | ERROR: Couldn't determine terminal size of "STDOUT_FILENO"!
2025/10/27 (14:39:18) | ERROR: Couldn't determine terminal size of "STDOUT_FILENO"!
2025/10/27 (14:39:18) | ERROR: Couldn't determine terminal size of "STDOUT_FILENO"!
2025/10/27 (14:39:18) | ERROR: Couldn't determine terminal size of "STDOUT_FILENO"!
2025/10/27 (14:39:18) | ERROR: Couldn't determine terminal size of "STDOUT_FILENO"!
2025/10/27 (14:39:18) | ERROR: Couldn't determine terminal size of "STDOUT_FILENO"!
2025/10/27 (14:39:18) | ERROR: Couldn't determine terminal size of "STDOUT_FILENO"!
2025/10/27 (14:39:18) | ERROR: Couldn't determine terminal size of "STDOUT_FILENO"!
2025/10/27 (14:39:18) | ERROR: Couldn't determine terminal size of "STDOUT_FILENO"!
2025/10/27 (14:39:18) | ERROR: Couldn't determine terminal size of "STDOUT_FILENO"!
2025/10/27 (14:39:18) | ERROR: Couldn't determine terminal size of "STDOUT_FILENO"!
2025/10/27 (14:39:18) | ERROR: Couldn't determine terminal size of "STDOUT_FILENO"!
2025/10/27 (14:39:18) | ERROR: Couldn't determine terminal size of "STDOUT_FILENO"!
2025/10/27 (14:39:18) | ERROR: Couldn't determine terminal size of "STDOUT_FILENO"!
2025/10/27 (14:39:18) | ERROR: Couldn't determine terminal size of "STDOUT_FILENO"!
2025/10/27 (14:39:18) | ERROR: Couldn't determine terminal size of "STDOUT_FILENO"!
2025/10/27 (14:39:18) | ERROR: Couldn't determine terminal size of "STDOUT_FILENO"!
2025/10/27 (14:39:18) | ERROR: Couldn't determine terminal size of "STDOUT_FILENO"!
2025/10/27 (14:39:18) | ERROR: Couldn't determine terminal size of "STDOUT_FILENO"!
2025/10/27 (14:39:18) | ERROR: Couldn't determine terminal size of "STDOUT_FILENO"!
2025/10/27 (14:39:18) | ERROR: Couldn't determine terminal size of "STDOUT_FILENO"!
2025/10/27 (14:39:18) | ERROR: Couldn't determine terminal size of "STDOUT_FILENO"!
2025/10/27 (14:39:18) | ERROR: Couldn't determine terminal size of "STDOUT_FILENO"!
2025/10/27 (14:39:18) | ERROR: Couldn't determine terminal size of "STDOUT_FILENO"!
2025/10/27 (14:39:18) | ERROR: Couldn't determine terminal size of "STDOUT_FILENO"!
2025/10/27 (14:39:18) | ERROR: Couldn't determine terminal size of "STDOUT_FILENO"!
2025/10/27 (14:39:18) | ERROR: Couldn't determine terminal size of "STDOUT_FILENO"!
2025/10/27 (14:39:18) | ERROR: Couldn't determine terminal size of "STDOUT_FILENO"!
2025/10/27 (14:39:18) | ERROR: Couldn't determine terminal size of "STDOUT_FILENO"!
2025/10/27 (14:39:18) | ERROR: Couldn't determine terminal size of "STDOUT_FILENO"!
2025/10/27 (14:39:18) | ERROR: Couldn't determine terminal size of "STDOUT_FILENO"!
2025/10/27 (14:39:18) | ERROR: Couldn't determine terminal size of "STDOUT_FILENO"!
2025/10/27 (14:39:18) | ERROR: Couldn't determine terminal size of "STDOUT_FILENO"!
2025/10/27 (14:39:18) | ERROR: Couldn't determine terminal size of "STDOUT_FILENO"!
2025/10/27 (14:39:19) | ERROR: Couldn't determine terminal size of "STDOUT_FILENO"!
2025/10/27 (14:39:19) | ERROR: Couldn't determine terminal size of "STDOUT_FILENO"!
2025/10/27 (14:39:19) | ERROR: Couldn't determine terminal size of "STDOUT_FILENO"!
2025/10/27 (14:39:19) | ERROR: Couldn't determine terminal size of "STDOUT_FILENO"!
2025/10/27 (14:39:19) | ERROR: Couldn't determine terminal size of "STDOUT_FILENO"!
2025/10/27 (14:39:19) | ERROR: Couldn't determine terminal size of "STDOUT_FILENO"!
2025/10/27 (14:39:19) | ERROR: Couldn't determine terminal size of "STDOUT_FILENO"!
2025/10/27 (14:39:19) | ERROR: Couldn't determine terminal size of "STDOUT_FILENO"!
2025/10/27 (14:39:19) | ERROR: Couldn't determine terminal size of "STDOUT_FILENO"!
2025/10/27 (14:39:19) | ERROR: Couldn't determine terminal size of "STDOUT_FILENO"!
2025/10/27 (14:39:19) | ERROR: Couldn't determine terminal size of "STDOUT_FILENO"!
2025/10/27 (14:39:19) | ERROR: Couldn't determine terminal size of "STDOUT_FILENO"!
2025/10/27 (14:39:19) | ERROR: Couldn't determine terminal size of "STDOUT_FILENO"!
2025/10/27 (14:39:19) | ERROR: Couldn't determine terminal size of "STDOUT_FILENO"!
2025/10/27 (14:39:19) | ERROR: Couldn't determine terminal size of "STDOUT_FILENO"!
2025/10/27 (14:39:19) | ERROR: Couldn't determine terminal size of "STDOUT_FILENO"!
2025/10/27 (14:39:19) | ERROR: Couldn't determine terminal size of "STDOUT_FILENO"!
2025/10/27 (14:39:19) | ERROR: Couldn't determine terminal size of "STDOUT_FILENO"!
2025/10/27 (14:39:19) | ERROR: Couldn't determine terminal size of "STDOUT_FILENO"!
2025/10/27 (14:39:19) | ERROR: Couldn't determine terminal size of "STDOUT_FILENO"!
2025/10/27 (14:39:19) | ERROR: Couldn't determine terminal size of "STDOUT_FILENO"!
2025/10/27 (14:39:19) | ERROR: Couldn't determine terminal size of "STDOUT_FILENO"!
2025/10/27 (14:39:19) | ERROR: Couldn't determine terminal size of "STDOUT_FILENO"!
2025/10/27 (14:39:19) | ERROR: Couldn't determine terminal size of "STDOUT_FILENO"!
2025/10/27 (14:39:19) | ERROR: Couldn't determine terminal size of "STDOUT_FILENO"!
2025/10/27 (14:39:19) | ERROR: Couldn't determine terminal size of "STDOUT_FILENO"!
2025/10/27 (14:39:19) | ERROR: Couldn't determine terminal size of "STDOUT_FILENO"!
2025/10/27 (14:39:19) | ERROR: Couldn't determine terminal size of "STDOUT_FILENO"!
2025/10/27 (14:39:19) | ERROR: Couldn't determine terminal size of "STDOUT_FILENO"!
2025/10/27 (14:39:19) | ERROR: Couldn't determine terminal size of "STDOUT_FILENO"!
2025/10/27 (14:39:19) | ERROR: Couldn't determine terminal size of "STDOUT_FILENO"!
2025/10/27 (14:39:19) | ERROR: Couldn't determine terminal size of "STDOUT_FILENO"!
2025/10/27 (14:39:19) | ERROR: Couldn't determine terminal size of "STDOUT_FILENO"!
2025/10/27 (14:39:19) | ERROR: Couldn't determine terminal size of "STDOUT_FILENO"!
2025/10/27 (14:39:19) | ERROR: Couldn't determine terminal size of "STDOUT_FILENO"!
2025/10/27 (14:39:19) | ERROR: Couldn't determine terminal size of "STDOUT_FILENO"!
2025/10/27 (14:39:19) | ERROR: Couldn't determine terminal size of "STDOUT_FILENO"!
2025/10/27 (14:39:19) | ERROR: Couldn't determine terminal size of "STDOUT_FILENO"!
2025/10/27 (14:39:19) | ERROR: Couldn't determine terminal size of "STDOUT_FILENO"!
2025/10/27 (14:39:19) | ERROR: Couldn't determine terminal size of "STDOUT_FILENO"!
2025/10/27 (14:39:19) | ERROR: Couldn't determine terminal size of "STDOUT_FILENO"!
2025/10/27 (14:39:19) | ERROR: Couldn't determine terminal size of "STDOUT_FILENO"!
2025/10/27 (14:39:19) | ERROR: Couldn't determine terminal size of "STDOUT_FILENO"!
2025/10/27 (14:39:19) | ERROR: Couldn't determine terminal size of "STDOUT_FILENO"!
2025/10/27 (14:39:19) | ERROR: Couldn't determine terminal size of "STDOUT_FILENO"!
2025/10/27 (14:39:19) | ERROR: Couldn't determine terminal size of "STDOUT_FILENO"!
2025/10/27 (14:39:19) | ERROR: Couldn't determine terminal size of "STDOUT_FILENO"!
2025/10/27 (14:39:19) | ERROR: Couldn't determine terminal size of "STDOUT_FILENO"!
2025/10/27 (14:39:19) | ERROR: Couldn't determine terminal size of "STDOUT_FILENO"!
2025/10/27 (14:39:19) | ERROR: Couldn't determine terminal size of "STDOUT_FILENO"!
2025/10/27 (14:39:19) | ERROR: Couldn't determine terminal size of "STDOUT_FILENO"!
2025/10/27 (14:39:19) | ERROR: Couldn't determine terminal size of "STDOUT_FILENO"!
2025/10/27 (14:39:19) | ERROR: Couldn't determine terminal size of "STDOUT_FILENO"!
2025/10/27 (14:39:19) | ERROR: Couldn't determine terminal size of "STDOUT_FILENO"!
2025/10/27 (14:39:19) | ERROR: Couldn't determine terminal size of "STDOUT_FILENO"!
2025/10/27 (14:39:19) | ERROR: Couldn't determine terminal size of "STDOUT_FILENO"!
2025/10/27 (14:39:19) | ERROR: Couldn't determine terminal size of "STDOUT_FILENO"!
2025/10/27 (14:39:19) | ERROR: Couldn't determine terminal size of "STDOUT_FILENO"!
2025/10/27 (14:39:19) | ERROR: Couldn't determine terminal size of "STDOUT_FILENO"!
2025/10/27 (14:39:19) | ERROR: Couldn't determine terminal size of "STDOUT_FILENO"!
2025/10/27 (14:39:19) | ERROR: Couldn't determine terminal size of "STDOUT_FILENO"!
2025/10/27 (14:39:19) | ERROR: Couldn't determine terminal size of "STDOUT_FILENO"!
2025/10/27 (14:39:19) | ERROR: Couldn't determine terminal size of "STDOUT_FILENO"!
2025/10/27 (14:39:19) | ERROR: Couldn't determine terminal size of "STDOUT_FILENO"!
2025/10/27 (14:39:19) | ERROR: Couldn't determine terminal size of "STDOUT_FILENO"!
2025/10/27 (14:39:19) | ERROR: Couldn't determine terminal size of "STDOUT_FILENO"!
2025/10/27 (14:39:19) | ERROR: Couldn't determine terminal size of "STDOUT_FILENO"!
2025/10/27 (14:39:19) | ERROR: Couldn't determine terminal size of "STDOUT_FILENO"!
2025/10/27 (14:39:19) | ERROR: Couldn't determine terminal size of "STDOUT_FILENO"!
2025/10/27 (14:39:19) | ERROR: Couldn't determine terminal size of "STDOUT_FILENO"!
2025/10/27 (14:39:19) | ERROR: Couldn't determine terminal size of "STDOUT_FILENO"!
2025/10/27 (14:39:19) | ERROR: Couldn't determine terminal size of "STDOUT_FILENO"!
2025/10/27 (14:39:19) | ERROR: Couldn't determine terminal size of "STDOUT_FILENO"!
2025/10/27 (14:39:19) | ERROR: Couldn't determine terminal size of "STDOUT_FILENO"!
2025/10/27 (14:39:19) | ERROR: Couldn't determine terminal size of "STDOUT_FILENO"!
2025/10/27 (14:39:19) | ERROR: Couldn't determine terminal size of "STDOUT_FILENO"!
2025/10/27 (14:39:19) | ERROR: Couldn't determine terminal size of "STDOUT_FILENO"!
2025/10/27 (14:39:19) | ERROR: Couldn't determine terminal size of "STDOUT_FILENO"!
2025/10/27 (14:39:19) | ERROR: Couldn't determine terminal size of "STDOUT_FILENO"!
2025/10/27 (14:39:19) | ERROR: Couldn't determine terminal size of "STDOUT_FILENO"!
2025/10/27 (14:39:19) | ERROR: Couldn't determine terminal size of "STDOUT_FILENO"!
2025/10/27 (14:39:19) | ERROR: Couldn't determine terminal size of "STDOUT_FILENO"!
2025/10/27 (14:39:19) | ERROR: Couldn't determine terminal size of "STDOUT_FILENO"!
2025/10/27 (14:39:19) | ERROR: Couldn't determine terminal size of "STDOUT_FILENO"!
2025/10/27 (14:39:19) | ERROR: Couldn't determine terminal size of "STDOUT_FILENO"!
2025/10/27 (14:39:19) | ERROR: Couldn't determine terminal size of "STDOUT_FILENO"!
2025/10/27 (14:39:19) | ERROR: Couldn't determine terminal size of "STDOUT_FILENO"!
2025/10/27 (14:39:19) | ERROR: Couldn't determine terminal size of "STDOUT_FILENO"!
2025/10/27 (14:39:19) | ERROR: Couldn't determine terminal size of "STDOUT_FILENO"!
2025/10/27 (14:39:19) | ERROR: Couldn't determine terminal size of "STDOUT_FILENO"!
2025/10/27 (14:39:20) | ERROR: Couldn't determine terminal size of "STDOUT_FILENO"!
2025/10/27 (14:39:20) | ERROR: Couldn't determine terminal size of "STDOUT_FILENO"!
2025/10/27 (14:39:20) | ERROR: Couldn't determine terminal size of "STDOUT_FILENO"!
2025/10/27 (14:39:20) | ERROR: Couldn't determine terminal size of "STDOUT_FILENO"!
2025/10/27 (14:39:20) | ERROR: Couldn't determine terminal size of "STDOUT_FILENO"!
2025/10/27 (14:39:20) | ERROR: Couldn't determine terminal size of "STDOUT_FILENO"!
2025/10/27 (14:39:20) | ERROR: Couldn't determine terminal size of "STDOUT_FILENO"!
2025/10/27 (14:39:20) | ERROR: Couldn't determine terminal size of "STDOUT_FILENO"!
2025/10/27 (14:39:20) | ERROR: Couldn't determine terminal size of "STDOUT_FILENO"!
2025/10/27 (14:39:20) | ERROR: Couldn't determine terminal size of "STDOUT_FILENO"!
2025/10/27 (14:39:20) | ERROR: Couldn't determine terminal size of "STDOUT_FILENO"!
2025/10/27 (14:39:20) | ERROR: Couldn't determine terminal size of "STDOUT_FILENO"!
2025/10/27 (14:39:20) | ERROR: Couldn't determine terminal size of "STDOUT_FILENO"!
2025/10/27 (14:39:20) | ERROR: Couldn't determine terminal size of "STDOUT_FILENO"!
2025/10/27 (14:39:20) | ERROR: Couldn't determine terminal size of "STDOUT_FILENO"!
2025/10/27 (14:39:20) | ERROR: Couldn't determine terminal size of "STDOUT_FILENO"!
2025/10/27 (14:39:20) | ERROR: Couldn't determine terminal size of "STDOUT_FILENO"!
2025/10/27 (14:39:20) | ERROR: Couldn't determine terminal size of "STDOUT_FILENO"!
2025/10/27 (14:39:20) | ERROR: Couldn't determine terminal size of "STDOUT_FILENO"!
2025/10/27 (14:39:20) | ERROR: Couldn't determine terminal size of "STDOUT_FILENO"!
2025/10/27 (14:39:20) | ERROR: Couldn't determine terminal size of "STDOUT_FILENO"!
2025/10/27 (14:39:20) | ERROR: Couldn't determine terminal size of "STDOUT_FILENO"!
2025/10/27 (14:39:20) | ERROR: Couldn't determine terminal size of "STDOUT_FILENO"!
2025/10/27 (14:39:20) | ERROR: Couldn't determine terminal size of "STDOUT_FILENO"!
2025/10/27 (14:39:20) | ERROR: Couldn't determine terminal size of "STDOUT_FILENO"!
2025/10/27 (14:39:20) | ERROR: Couldn't determine terminal size of "STDOUT_FILENO"!
2025/10/27 (14:39:20) | ERROR: Couldn't determine terminal size of "STDOUT_FILENO"!
2025/10/27 (14:39:20) | ERROR: Couldn't determine terminal size of "STDOUT_FILENO"!
2025/10/27 (14:39:20) | ERROR: Couldn't determine terminal size of "STDOUT_FILENO"!
2025/10/27 (14:39:20) | ERROR: Couldn't determine terminal size of "STDOUT_FILENO"!
2025/10/27 (14:39:20) | ERROR: Couldn't determine terminal size of "STDOUT_FILENO"!
2025/10/27 (14:39:20) | ERROR: Couldn't determine terminal size of "STDOUT_FILENO"!
2025/10/27 (14:39:20) | ERROR: Couldn't determine terminal size of "STDOUT_FILENO"!
2025/10/27 (14:39:20) | ERROR: Couldn't determine terminal size of "STDOUT_FILENO"!
2025/10/27 (14:39:20) | ERROR: Couldn't determine terminal size of "STDOUT_FILENO"!
2025/10/27 (14:39:20) | ERROR: Couldn't determine terminal size of "STDOUT_FILENO"!
2025/10/27 (14:39:20) | ERROR: Couldn't determine terminal size of "STDOUT_FILENO"!
2025/10/27 (14:39:20) | ERROR: Couldn't determine terminal size of "STDOUT_FILENO"!
2025/10/27 (14:39:20) | ERROR: Couldn't determine terminal size of "STDOUT_FILENO"!
2025/10/27 (14:39:20) | ERROR: Couldn't determine terminal size of "STDOUT_FILENO"!
2025/10/27 (14:39:20) | ERROR: Couldn't determine terminal size of "STDOUT_FILENO"!
2025/10/27 (14:39:20) | ERROR: Couldn't determine terminal size of "STDOUT_FILENO"!
2025/10/27 (14:39:20) | ERROR: Couldn't determine terminal size of "STDOUT_FILENO"!
2025/10/27 (14:39:20) | ERROR: Couldn't determine terminal size of "STDOUT_FILENO"!
2025/10/27 (14:39:20) | ERROR: Couldn't determine terminal size of "STDOUT_FILENO"!
2025/10/27 (14:39:20) | ERROR: Couldn't determine terminal size of "STDOUT_FILENO"!
2025/10/27 (14:39:20) | ERROR: Couldn't determine terminal size of "STDOUT_FILENO"!
2025/10/27 (14:39:20) | ERROR: Couldn't determine terminal size of "STDOUT_FILENO"!
2025/10/27 (14:39:20) | ERROR: Couldn't determine terminal size of "STDOUT_FILENO"!
2025/10/27 (14:39:20) | ERROR: Couldn't determine terminal size of "STDOUT_FILENO"!
2025/10/27 (14:39:20) | ERROR: Couldn't determine terminal size of "STDOUT_FILENO"!
2025/10/27 (14:39:20) | ERROR: Couldn't determine terminal size of "STDOUT_FILENO"!
2025/10/27 (14:39:20) | ERROR: Couldn't determine terminal size of "STDOUT_FILENO"!
2025/10/27 (14:39:20) | ERROR: Couldn't determine terminal size of "STDOUT_FILENO"!
2025/10/27 (14:39:20) | ERROR: Couldn't determine terminal size of "STDOUT_FILENO"!
2025/10/27 (14:39:20) | ERROR: Couldn't determine terminal size of "STDOUT_FILENO"!
2025/10/27 (14:39:20) | ERROR: Couldn't determine terminal size of "STDOUT_FILENO"!
2025/10/27 (14:39:20) | ERROR: Couldn't determine terminal size of "STDOUT_FILENO"!
2025/10/27 (14:39:20) | ERROR: Couldn't determine terminal size of "STDOUT_FILENO"!
2025/10/27 (14:39:20) | ERROR: Couldn't determine terminal size of "STDOUT_FILENO"!
2025/10/27 (14:39:20) | ERROR: Couldn't determine terminal size of "STDOUT_FILENO"!
2025/10/27 (14:39:20) | ERROR: Couldn't determine terminal size of "STDOUT_FILENO"!
2025/10/27 (14:39:20) | ERROR: Couldn't determine terminal size of "STDOUT_FILENO"!
2025/10/27 (14:39:20) | ERROR: Couldn't determine terminal size of "STDOUT_FILENO"!
2025/10/27 (14:39:20) | ERROR: Couldn't determine terminal size of "STDOUT_FILENO"!
2025/10/27 (14:39:20) | ERROR: Couldn't determine terminal size of "STDOUT_FILENO"!
2025/10/27 (14:39:20) | ERROR: Couldn't determine terminal size of "STDOUT_FILENO"!
2025/10/27 (14:39:20) | ERROR: Couldn't determine terminal size of "STDOUT_FILENO"!
2025/10/27 (14:39:20) | ERROR: Couldn't determine terminal size of "STDOUT_FILENO"!
2025/10/27 (14:39:20) | ERROR: Couldn't determine terminal size of "STDOUT_FILENO"!
2025/10/27 (14:39:20) | ERROR: Couldn't determine terminal size of "STDOUT_FILENO"!
2025/10/27 (14:39:20) | ERROR: Couldn't determine terminal size of "STDOUT_FILENO"!
2025/10/27 (14:39:20) | ERROR: Couldn't determine terminal size of "STDOUT_FILENO"!
2025/10/27 (14:39:20) | ERROR: Couldn't determine terminal size of "STDOUT_FILENO"!

2025/10/28 (10:59:56) | ===> btop++ v.1.3.2
2025/10/28 (10:59:56) | WARNING: Failed to join _runner thread on exit!

2025/10/28 (21:20:59) | ===> btop++ v.1.3.2
2025/10/28 (21:20:59) | WARNING: Failed to join _runner thread on exit!

2025/10/28 (23:16:12) | ===> btop++ v.1.3.2
2025/10/28 (23:16:12) | WARNING: Failed to join _runner thread on exit!

2025/10/28 (23:26:18) | ===> btop++ v.1.3.2
2025/10/28 (23:26:18) | WARNING: Failed to join _runner thread on exit!

2025/10/30 (01:04:04) | ===> btop++ v.1.3.2
2025/10/30 (01:04:04) | WARNING: Failed to join _runner thread on exit!

2025/10/30 (01:04:51) | ===> btop++ v.1.3.2
2025/10/30 (01:04:51) | WARNING: Failed to join _runner thread on exit!

2025/10/30 (01:23:32) | ===> btop++ v.1.3.2
2025/10/30 (01:23:32) | WARNING: Failed to join _runner thread on exit!

2025/10/30 (02:39:26) | ===> btop++ v.1.3.2
2025/10/30 (02:39:26) | WARNING: Failed to join _runner thread on exit!

2025/10/30 (02:56:10) | ===> btop++ v.1.3.2
2025/10/30 (02:56:10) | WARNING: Failed to join _runner thread on exit!

2025/10/30 (17:37:50) | ===> btop++ v.1.3.2
2025/10/30 (17:37:50) | WARNING: Failed to join _runner thread on exit!

2025/10/30 (17:43:21) | ===> btop++ v.1.3.2
2025/10/30 (17:43:21) | WARNING: Failed to join _runner thread on exit!

2025/10/31 (19:08:52) | ===> btop++ v.1.3.2
2025/10/31 (19:08:52) | WARNING: Failed to join _runner thread on exit!

2025/10/31 (19:22:12) | ===> btop++ v.1.3.2
2025/10/31 (19:22:12) | WARNING: Failed to join _runner thread on exit!

2025/10/31 (19:35:37) | ===> btop++ v.1.3.2
2025/10/31 (19:35:37) | WARNING: Failed to join _runner thread on exit!

2025/10/31 (19:35:52) | ===> btop++ v.1.3.2
2025/10/31 (19:35:52) | WARNING: Failed to join _runner thread on exit!

2025/10/31 (20:34:14) | ===> btop++ v.1.3.2
2025/10/31 (20:34:14) | WARNING: Failed to join _runner thread on exit!

2025/11/01 (16:47:36) | ===> btop++ v.1.3.2
2025/11/01 (16:47:36) | WARNING: Failed to join _runner thread on exit!

2025/11/02 (11:10:38) | ===> btop++ v.1.3.2
2025/11/02 (11:10:38) | WARNING: Failed to join _runner thread on exit!

2025/11/05 (23:05:09) | ===> btop++ v.1.3.2
2025/11/05 (23:05:09) | WARNING: Failed to join _runner thread on exit!

2025/11/05 (23:05:43) | ===> btop++ v.1.3.2
2025/11/05 (23:05:43) | WARNING: Failed to join _runner thread on exit!

2025/11/05 (23:06:44) | ===> btop++ v.1.3.2
2025/11/05 (23:06:44) | WARNING: Failed to join _runner thread on exit!

2025/11/06 (12:00:36) | ===> btop++ v.1.3.2
2025/11/06 (12:00:36) | WARNING: Failed to join _runner thread on exit!

2025/11/06 (12:19:45) | ===> btop++ v.1.3.2
2025/11/06 (12:19:45) | WARNING: Failed to join _runner thread on exit!

2025/11/07 (23:42:45) | ===> btop++ v.1.3.2
2025/11/07 (23:42:45) | WARNING: Failed to join _runner thread on exit!

2025/11/08 (16:24:39) | ===> btop++ v.1.3.2
2025/11/08 (16:24:39) | WARNING: Failed to join _runner thread on exit!

2025/11/09 (01:56:17) | ===> btop++ v.1.3.2
2025/11/09 (01:56:17) | WARNING: Failed to join _runner thread on exit!

2025/11/09 (01:56:31) | ===> btop++ v.1.3.2
2025/11/09 (01:56:31) | WARNING: Failed to join _runner thread on exit!

2025/11/09 (01:56:33) | ===> btop++ v.1.3.2
2025/11/09 (01:56:33) | WARNING: Failed to join _runner thread on exit!

2025/11/09 (01:56:37) | ===> btop++ v.1.3.2
2025/11/09 (01:56:37) | WARNING: Failed to join _runner thread on exit!

2025/11/09 (02:02:34) | ===> btop++ v.1.3.2
2025/11/09 (02:02:34) | WARNING: Failed to join _runner thread on exit!

2025/11/09 (02:02:57) | ===> btop++ v.1.3.2
2025/11/09 (02:02:57) | WARNING: Failed to join _runner thread on exit!

2025/11/09 (11:05:08) | ===> btop++ v.1.3.2
2025/11/09 (11:05:08) | WARNING: Failed to join _runner thread on exit!

2025/11/09 (11:13:12) | ===> btop++ v.1.3.2
2025/11/09 (11:13:12) | WARNING: Failed to join _runner thread on exit!

2025/11/09 (11:33:35) | ===> btop++ v.1.3.2
2025/11/09 (11:33:35) | WARNING: Failed to join _runner thread on exit!

2025/11/09 (13:08:11) | ===> btop++ v.1.3.2
2025/11/09 (13:08:11) | WARNING: Failed to join _runner thread on exit!

2025/11/09 (13:35:21) | ===> btop++ v.1.3.2
2025/11/09 (13:35:21) | WARNING: Failed to join _runner thread on exit!

2025/11/09 (13:47:06) | ===> btop++ v.1.3.2
2025/11/09 (13:47:06) | WARNING: Failed to join _runner thread on exit!

2025/11/09 (18:52:23) | ===> btop++ v.1.3.2
2025/11/09 (18:52:23) | WARNING: Failed to join _runner thread on exit!

2025/11/09 (19:40:42) | ===> btop++ v.1.3.2
2025/11/09 (19:40:42) | WARNING: Failed to join _runner thread on exit!

2025/11/10 (23:59:00) | ===> btop++ v.1.3.2
2025/11/10 (23:59:00) | WARNING: Failed to join _runner thread on exit!

2025/09/26 (01:13:29) | ===> btop++ v.1.3.2
2025/09/26 (01:13:29) | WARNING: Failed to join _runner thread on exit!

2025/09/26 (01:15:06) | ===> btop++ v.1.3.2
2025/09/26 (01:15:06) | WARNING: Failed to join _runner thread on exit!

2025/09/26 (01:16:19) | ===> btop++ v.1.3.2
2025/09/26 (01:16:19) | WARNING: Failed to join _runner thread on exit!

2025/09/26 (01:29:05) | ===> btop++ v.1.3.2
2025/09/26 (01:29:05) | WARNING: Failed to join _runner thread on exit!

2025/11/12 (13:17:14) | ===> btop++ v.1.3.2
2025/11/12 (13:17:14) | WARNING: Failed to join _runner thread on exit!

2025/11/13 (17:48:08) | ===> btop++ v.1.3.2
2025/11/13 (17:48:08) | WARNING: Failed to join _runner thread on exit!

2025/11/15 (19:43:01) | ===> btop++ v.1.3.2
2025/11/15 (19:43:01) | WARNING: Failed to join _runner thread on exit!

2025/11/21 (00:21:34) | ===> btop++ v.1.3.2
2025/11/21 (00:21:34) | WARNING: Failed to join _runner thread on exit!

2025/11/21 (00:21:54) | ===> btop++ v.1.3.2
2025/11/21 (00:21:54) | WARNING: Failed to join _runner thread on exit!

2025/11/22 (11:23:54) | ===> btop++ v.1.3.2
2025/11/22 (11:23:54) | WARNING: Failed to join _runner thread on exit!

2025/11/23 (23:52:30) | ===> btop++ v.1.3.2
2025/11/23 (23:52:30) | WARNING: Failed to join _runner thread on exit!

2025/11/24 (00:09:53) | ===> btop++ v.1.3.2
2025/11/24 (00:09:53) | WARNING: Failed to join _runner thread on exit!

2025/11/26 (04:09:31) | ===> btop++ v.1.3.2
2025/11/26 (04:09:31) | WARNING: Failed to join _runner thread on exit!

2025/11/27 (22:22:35) | ===> btop++ v.1.3.2
2025/11/27 (22:22:35) | WARNING: Failed to join _runner thread on exit!

2025/11/27 (22:35:18) | ===> btop++ v.1.3.2
2025/11/27 (22:35:18) | WARNING: Failed to join _runner thread on exit!

2025/11/27 (23:04:36) | ===> btop++ v.1.3.2
2025/11/27 (23:04:36) | WARNING: Failed to join _runner thread on exit!

2025/11/28 (01:30:40) | ===> btop++ v.1.3.2
2025/11/28 (01:30:40) | WARNING: Failed to join _runner thread on exit!

2025/11/28 (01:41:56) | ===> btop++ v.1.3.2
2025/11/28 (01:41:56) | WARNING: Failed to join _runner thread on exit!

2025/11/28 (01:51:26) | ===> btop++ v.1.3.2
2025/11/28 (01:51:26) | WARNING: Failed to join _runner thread on exit!

2025/11/28 (01:58:09) | ===> btop++ v.1.3.2
2025/11/28 (01:58:09) | WARNING: Failed to join _runner thread on exit!

2025/11/28 (15:52:21) | ===> btop++ v.1.3.2
2025/11/28 (15:52:21) | WARNING: Failed to join _runner thread on exit!

2025/11/29 (10:58:34) | ===> btop++ v.1.3.2
2025/11/29 (10:58:34) | WARNING: Failed to join _runner thread on exit!

2025/11/29 (10:59:11) | ===> btop++ v.1.3.2
2025/11/29 (10:59:11) | WARNING: Failed to join _runner thread on exit!

2025/12/01 (02:33:10) | ===> btop++ v.1.3.2
2025/12/01 (02:33:10) | WARNING: Failed to join _runner thread on exit!

2025/12/01 (02:35:36) | ===> btop++ v.1.3.2
2025/12/01 (02:35:36) | WARNING: Failed to join _runner thread on exit!

2025/12/01 (02:37:07) | ===> btop++ v.1.3.2
2025/12/01 (02:37:07) | WARNING: Failed to join _runner thread on exit!

2025/12/01 (02:59:43) | ===> btop++ v.1.3.2
2025/12/01 (02:59:43) | WARNING: Failed to join _runner thread on exit!

2025/12/01 (03:05:22) | ===> btop++ v.1.3.2
2025/12/01 (03:05:22) | WARNING: Failed to join _runner thread on exit!

2025/12/02 (19:20:06) | ===> btop++ v.1.3.2
2025/12/02 (19:20:06) | WARNING: Failed to join _runner thread on exit!

2025/12/02 (19:21:21) | ===> btop++ v.1.3.2
2025/12/02 (19:21:21) | WARNING: Failed to join _runner thread on exit!

2025/12/02 (23:48:15) | ===> btop++ v.1.3.2
2025/12/02 (23:48:15) | WARNING: Failed to join _runner thread on exit!

2025/12/02 (23:48:33) | ===> btop++ v.1.3.2
2025/12/02 (23:48:33) | WARNING: Failed to join _runner thread on exit!

2025/12/03 (01:10:55) | ===> btop++ v.1.3.2
2025/12/03 (01:10:55) | WARNING: Failed to join _runner thread on exit!

2025/12/03 (01:12:10) | ===> btop++ v.1.3.2
2025/12/03 (01:12:10) | WARNING: Failed to join _runner thread on exit!

2025/12/03 (14:32:14) | ===> btop++ v.1.3.2
2025/12/03 (14:32:14) | WARNING: Failed to join _runner thread on exit!

2025/12/04 (02:23:18) | ===> btop++ v.1.3.2
2025/12/04 (02:23:18) | WARNING: Failed to join _runner thread on exit!

2025/12/04 (08:40:49) | ===> btop++ v.1.3.2
2025/12/04 (08:40:49) | WARNING: Failed to join _runner thread on exit!

2025/12/04 (09:08:51) | ===> btop++ v.1.3.2
2025/12/04 (09:08:51) | WARNING: Failed to join _runner thread on exit!

2025/12/05 (21:51:59) | ===> btop++ v.1.3.2
2025/12/05 (21:51:59) | WARNING: Failed to join _runner thread on exit!

2025/12/05 (22:19:51) | ===> btop++ v.1.3.2
2025/12/05 (22:19:51) | WARNING: Failed to join _runner thread on exit!

2025/12/08 (12:17:14) | ===> btop++ v.1.3.2
2025/12/08 (12:17:14) | WARNING: Failed to join _runner thread on exit!

2025/12/08 (13:00:16) | ===> btop++ v.1.3.2
2025/12/08 (13:00:16) | WARNING: Failed to join _runner thread on exit!

2025/12/08 (13:00:39) | ===> btop++ v.1.3.2
2025/12/08 (13:00:39) | WARNING: Failed to join _runner thread on exit!

2025/12/08 (13:21:27) | ===> btop++ v.1.3.2
2025/12/08 (13:21:27) | WARNING: Failed to join _runner thread on exit!
